{"meta": {"format": 3, "version": "7.11.0", "timestamp": "2025-11-18T09:48:42.244301", "branch_coverage": false, "show_contexts": false}, "files": {"backend/api/__init__.py": {"executed_lines": [], "summary": {"covered_lines": 0, "num_statements": 0, "percent_covered": 100.0, "percent_covered_display": "100", "missing_lines": 0, "excluded_lines": 0}, "missing_lines": [], "excluded_lines": [], "functions": {"": {"executed_lines": [], "summary": {"covered_lines": 0, "num_statements": 0, "percent_covered": 100.0, "percent_covered_display": "100", "missing_lines": 0, "excluded_lines": 0}, "missing_lines": [], "excluded_lines": []}}, "classes": {"": {"executed_lines": [], "summary": {"covered_lines": 0, "num_statements": 0, "percent_covered": 100.0, "percent_covered_display": "100", "missing_lines": 0, "excluded_lines": 0}, "missing_lines": [], "excluded_lines": []}}}, "backend/api/auth/__init__.py": {"executed_lines": [], "summary": {"covered_lines": 0, "num_statements": 2, "percent_covered": 0.0, "percent_covered_display": "0", "missing_lines": 2, "excluded_lines": 0}, "missing_lines": [6, 16], "excluded_lines": [], "functions": {"": {"executed_lines": [], "summary": {"covered_lines": 0, "num_statements": 2, "percent_covered": 0.0, "percent_covered_display": "0", "missing_lines": 2, "excluded_lines": 0}, "missing_lines": [6, 16], "excluded_lines": []}}, "classes": {"": {"executed_lines": [], "summary": {"covered_lines": 0, "num_statements": 2, "percent_covered": 0.0, "percent_covered_display": "0", "missing_lines": 2, "excluded_lines": 0}, "missing_lines": [6, 16], "excluded_lines": []}}}, "backend/api/auth/constants.py": {"executed_lines": [], "summary": {"covered_lines": 0, "num_statements": 12, "percent_covered": 0.0, "percent_covered_display": "0", "missing_lines": 12, "excluded_lines": 0}, "missing_lines": [3, 5, 8, 11, 12, 14, 15, 19, 22, 24, 25, 26], "excluded_lines": [], "functions": {"normalize_token_type": {"executed_lines": [], "summary": {"covered_lines": 0, "num_statements": 3, "percent_covered": 0.0, "percent_covered_display": "0", "missing_lines": 3, "excluded_lines": 0}, "missing_lines": [24, 25, 26], "excluded_lines": []}, "": {"executed_lines": [], "summary": {"covered_lines": 0, "num_statements": 9, "percent_covered": 0.0, "percent_covered_display": "0", "missing_lines": 9, "excluded_lines": 0}, "missing_lines": [3, 5, 8, 11, 12, 14, 15, 19, 22], "excluded_lines": []}}, "classes": {"TokenType": {"executed_lines": [], "summary": {"covered_lines": 0, "num_statements": 0, "percent_covered": 100.0, "percent_covered_display": "100", "missing_lines": 0, "excluded_lines": 0}, "missing_lines": [], "excluded_lines": []}, "": {"executed_lines": [], "summary": {"covered_lines": 0, "num_statements": 12, "percent_covered": 0.0, "percent_covered_display": "0", "missing_lines": 12, "excluded_lines": 0}, "missing_lines": [3, 5, 8, 11, 12, 14, 15, 19, 22, 24, 25, 26], "excluded_lines": []}}}, "backend/api/auth/dependencies.py": {"executed_lines": [], "summary": {"covered_lines": 0, "num_statements": 105, "percent_covered": 0.0, "percent_covered_display": "0", "missing_lines": 105, "excluded_lines": 0}, "missing_lines": [6, 8, 9, 10, 12, 13, 14, 15, 16, 18, 21, 24, 30, 42, 43, 45, 68, 70, 71, 72, 73, 75, 76, 83, 85, 86, 93, 94, 96, 97, 104, 105, 111, 112, 118, 119, 125, 126, 133, 134, 135, 136, 142, 145, 147, 153, 160, 163, 172, 175, 184, 187, 201, 203, 204, 205, 206, 208, 209, 212, 214, 215, 218, 219, 221, 222, 225, 226, 229, 232, 234, 237, 243, 251, 252, 254, 267, 268, 271, 272, 273, 274, 275, 276, 278, 281, 286, 294, 295, 297, 315, 318, 319, 322, 341, 343, 344, 352, 356, 371, 374, 375, 376, 377, 379], "excluded_lines": [], "functions": {"AuthenticationRequired.__init__": {"executed_lines": [], "summary": {"covered_lines": 0, "num_statements": 2, "percent_covered": 0.0, "percent_covered_display": "0", "missing_lines": 2, "excluded_lines": 0}, "missing_lines": [42, 43], "excluded_lines": []}, "AuthenticationRequired.__call__": {"executed_lines": [], "summary": {"covered_lines": 0, "num_statements": 29, "percent_covered": 0.0, "percent_covered_display": "0", "missing_lines": 29, "excluded_lines": 0}, "missing_lines": [68, 70, 71, 72, 73, 75, 76, 83, 85, 86, 93, 94, 96, 97, 104, 105, 111, 112, 118, 119, 125, 126, 133, 134, 135, 136, 142, 145, 147], "excluded_lines": []}, "get_current_user": {"executed_lines": [], "summary": {"covered_lines": 0, "num_statements": 1, "percent_covered": 0.0, "percent_covered_display": "0", "missing_lines": 1, "excluded_lines": 0}, "missing_lines": [160], "excluded_lines": []}, "get_current_active_user": {"executed_lines": [], "summary": {"covered_lines": 0, "num_statements": 1, "percent_covered": 0.0, "percent_covered_display": "0", "missing_lines": 1, "excluded_lines": 0}, "missing_lines": [172], "excluded_lines": []}, "get_admin_user": {"executed_lines": [], "summary": {"covered_lines": 0, "num_statements": 1, "percent_covered": 0.0, "percent_covered_display": "0", "missing_lines": 1, "excluded_lines": 0}, "missing_lines": [184], "excluded_lines": []}, "get_optional_user": {"executed_lines": [], "summary": {"covered_lines": 0, "num_statements": 19, "percent_covered": 0.0, "percent_covered_display": "0", "missing_lines": 19, "excluded_lines": 0}, "missing_lines": [201, 203, 204, 205, 206, 208, 209, 212, 214, 215, 218, 219, 221, 222, 225, 226, 229, 232, 234], "excluded_lines": []}, "RateLimitByUser.__init__": {"executed_lines": [], "summary": {"covered_lines": 0, "num_statements": 2, "percent_covered": 0.0, "percent_covered_display": "0", "missing_lines": 2, "excluded_lines": 0}, "missing_lines": [251, 252], "excluded_lines": []}, "RateLimitByUser.__call__": {"executed_lines": [], "summary": {"covered_lines": 0, "num_statements": 9, "percent_covered": 0.0, "percent_covered_display": "0", "missing_lines": 9, "excluded_lines": 0}, "missing_lines": [267, 268, 271, 272, 273, 274, 275, 276, 278], "excluded_lines": []}, "PermissionChecker.__init__": {"executed_lines": [], "summary": {"covered_lines": 0, "num_statements": 2, "percent_covered": 0.0, "percent_covered_display": "0", "missing_lines": 2, "excluded_lines": 0}, "missing_lines": [294, 295], "excluded_lines": []}, "PermissionChecker.__call__": {"executed_lines": [], "summary": {"covered_lines": 0, "num_statements": 8, "percent_covered": 0.0, "percent_covered_display": "0", "missing_lines": 8, "excluded_lines": 0}, "missing_lines": [315, 318, 319, 322, 341, 343, 344, 352], "excluded_lines": []}, "require_auth": {"executed_lines": [], "summary": {"covered_lines": 0, "num_statements": 2, "percent_covered": 0.0, "percent_covered_display": "0", "missing_lines": 2, "excluded_lines": 0}, "missing_lines": [371, 379], "excluded_lines": []}, "require_auth.decorator": {"executed_lines": [], "summary": {"covered_lines": 0, "num_statements": 4, "percent_covered": 0.0, "percent_covered_display": "0", "missing_lines": 4, "excluded_lines": 0}, "missing_lines": [374, 375, 376, 377], "excluded_lines": []}, "": {"executed_lines": [], "summary": {"covered_lines": 0, "num_statements": 25, "percent_covered": 0.0, "percent_covered_display": "0", "missing_lines": 25, "excluded_lines": 0}, "missing_lines": [6, 8, 9, 10, 12, 13, 14, 15, 16, 18, 21, 24, 30, 45, 153, 163, 175, 187, 237, 243, 254, 281, 286, 297, 356], "excluded_lines": []}}, "classes": {"AuthenticationRequired": {"executed_lines": [], "summary": {"covered_lines": 0, "num_statements": 31, "percent_covered": 0.0, "percent_covered_display": "0", "missing_lines": 31, "excluded_lines": 0}, "missing_lines": [42, 43, 68, 70, 71, 72, 73, 75, 76, 83, 85, 86, 93, 94, 96, 97, 104, 105, 111, 112, 118, 119, 125, 126, 133, 134, 135, 136, 142, 145, 147], "excluded_lines": []}, "RateLimitByUser": {"executed_lines": [], "summary": {"covered_lines": 0, "num_statements": 11, "percent_covered": 0.0, "percent_covered_display": "0", "missing_lines": 11, "excluded_lines": 0}, "missing_lines": [251, 252, 267, 268, 271, 272, 273, 274, 275, 276, 278], "excluded_lines": []}, "PermissionChecker": {"executed_lines": [], "summary": {"covered_lines": 0, "num_statements": 10, "percent_covered": 0.0, "percent_covered_display": "0", "missing_lines": 10, "excluded_lines": 0}, "missing_lines": [294, 295, 315, 318, 319, 322, 341, 343, 344, 352], "excluded_lines": []}, "": {"executed_lines": [], "summary": {"covered_lines": 0, "num_statements": 53, "percent_covered": 0.0, "percent_covered_display": "0", "missing_lines": 53, "excluded_lines": 0}, "missing_lines": [6, 8, 9, 10, 12, 13, 14, 15, 16, 18, 21, 24, 30, 45, 153, 160, 163, 172, 175, 184, 187, 201, 203, 204, 205, 206, 208, 209, 212, 214, 215, 218, 219, 221, 222, 225, 226, 229, 232, 234, 237, 243, 254, 281, 286, 297, 356, 371, 374, 375, 376, 377, 379], "excluded_lines": []}}}, "backend/api/auth/jwt_auth.py": {"executed_lines": [], "summary": {"covered_lines": 0, "num_statements": 12, "percent_covered": 0.0, "percent_covered_display": "0", "missing_lines": 12, "excluded_lines": 0}, "missing_lines": [8, 9, 12, 13, 14, 15, 16, 17, 18, 19, 20, 21], "excluded_lines": [], "functions": {"": {"executed_lines": [], "summary": {"covered_lines": 0, "num_statements": 12, "percent_covered": 0.0, "percent_covered_display": "0", "missing_lines": 12, "excluded_lines": 0}, "missing_lines": [8, 9, 12, 13, 14, 15, 16, 17, 18, 19, 20, 21], "excluded_lines": []}}, "classes": {"User": {"executed_lines": [], "summary": {"covered_lines": 0, "num_statements": 0, "percent_covered": 100.0, "percent_covered_display": "100", "missing_lines": 0, "excluded_lines": 0}, "missing_lines": [], "excluded_lines": []}, "": {"executed_lines": [], "summary": {"covered_lines": 0, "num_statements": 12, "percent_covered": 0.0, "percent_covered_display": "0", "missing_lines": 12, "excluded_lines": 0}, "missing_lines": [8, 9, 12, 13, 14, 15, 16, 17, 18, 19, 20, 21], "excluded_lines": []}}}, "backend/api/auth/jwt_handler.py": {"executed_lines": [], "summary": {"covered_lines": 0, "num_statements": 129, "percent_covered": 0.0, "percent_covered_display": "0", "missing_lines": 129, "excluded_lines": 0}, "missing_lines": [6, 7, 8, 9, 10, 11, 13, 14, 15, 16, 17, 19, 22, 25, 26, 27, 28, 29, 30, 31, 32, 33, 36, 40, 41, 44, 47, 48, 51, 52, 53, 56, 57, 59, 60, 65, 67, 69, 74, 81, 82, 88, 89, 92, 93, 95, 98, 99, 101, 104, 110, 112, 113, 115, 136, 137, 139, 152, 153, 155, 157, 159, 180, 181, 182, 184, 185, 187, 201, 203, 205, 222, 223, 233, 234, 235, 238, 239, 241, 243, 245, 246, 248, 249, 251, 253, 270, 272, 273, 276, 277, 279, 281, 292, 293, 295, 306, 308, 310, 321, 322, 325, 327, 339, 341, 343, 356, 357, 365, 366, 367, 369, 371, 372, 374, 384, 385, 387, 389, 390, 392, 394, 404, 406, 407, 409, 410, 412, 416], "excluded_lines": [], "functions": {"JWTConfig.ensure_keys_exist": {"executed_lines": [], "summary": {"covered_lines": 0, "num_statements": 14, "percent_covered": 0.0, "percent_covered_display": "0", "missing_lines": 14, "excluded_lines": 0}, "missing_lines": [65, 67, 69, 74, 81, 82, 88, 89, 92, 93, 95, 98, 99, 101], "excluded_lines": []}, "JWTHandler.__init__": {"executed_lines": [], "summary": {"covered_lines": 0, "num_statements": 2, "percent_covered": 0.0, "percent_covered_display": "0", "missing_lines": 2, "excluded_lines": 0}, "missing_lines": [112, 113], "excluded_lines": []}, "JWTHandler.create_access_token": {"executed_lines": [], "summary": {"covered_lines": 0, "num_statements": 7, "percent_covered": 0.0, "percent_covered_display": "0", "missing_lines": 7, "excluded_lines": 0}, "missing_lines": [136, 137, 139, 152, 153, 155, 157], "excluded_lines": []}, "JWTHandler.create_refresh_token": {"executed_lines": [], "summary": {"covered_lines": 0, "num_statements": 8, "percent_covered": 0.0, "percent_covered_display": "0", "missing_lines": 8, "excluded_lines": 0}, "missing_lines": [180, 181, 182, 184, 185, 187, 201, 203], "excluded_lines": []}, "JWTHandler.decode_token": {"executed_lines": [], "summary": {"covered_lines": 0, "num_statements": 14, "percent_covered": 0.0, "percent_covered_display": "0", "missing_lines": 14, "excluded_lines": 0}, "missing_lines": [222, 223, 233, 234, 235, 238, 239, 241, 243, 245, 246, 248, 249, 251], "excluded_lines": []}, "JWTHandler.verify_token": {"executed_lines": [], "summary": {"covered_lines": 0, "num_statements": 6, "percent_covered": 0.0, "percent_covered_display": "0", "missing_lines": 6, "excluded_lines": 0}, "missing_lines": [270, 272, 273, 276, 277, 279], "excluded_lines": []}, "JWTHandler.create_email_verification_token": {"executed_lines": [], "summary": {"covered_lines": 0, "num_statements": 5, "percent_covered": 0.0, "percent_covered_display": "0", "missing_lines": 5, "excluded_lines": 0}, "missing_lines": [292, 293, 295, 306, 308], "excluded_lines": []}, "JWTHandler.create_password_reset_token": {"executed_lines": [], "summary": {"covered_lines": 0, "num_statements": 6, "percent_covered": 0.0, "percent_covered_display": "0", "missing_lines": 6, "excluded_lines": 0}, "missing_lines": [321, 322, 325, 327, 339, 341], "excluded_lines": []}, "JWTHandler.decode_verification_token": {"executed_lines": [], "summary": {"covered_lines": 0, "num_statements": 8, "percent_covered": 0.0, "percent_covered_display": "0", "missing_lines": 8, "excluded_lines": 0}, "missing_lines": [356, 357, 365, 366, 367, 369, 371, 372], "excluded_lines": []}, "JWTHandler.extract_token_from_header": {"executed_lines": [], "summary": {"covered_lines": 0, "num_statements": 6, "percent_covered": 0.0, "percent_covered_display": "0", "missing_lines": 6, "excluded_lines": 0}, "missing_lines": [384, 385, 387, 389, 390, 392], "excluded_lines": []}, "JWTHandler.get_token_remaining_time": {"executed_lines": [], "summary": {"covered_lines": 0, "num_statements": 6, "percent_covered": 0.0, "percent_covered_display": "0", "missing_lines": 6, "excluded_lines": 0}, "missing_lines": [404, 406, 407, 409, 410, 412], "excluded_lines": []}, "": {"executed_lines": [], "summary": {"covered_lines": 0, "num_statements": 47, "percent_covered": 0.0, "percent_covered_display": "0", "missing_lines": 47, "excluded_lines": 0}, "missing_lines": [6, 7, 8, 9, 10, 11, 13, 14, 15, 16, 17, 19, 22, 25, 26, 27, 28, 29, 30, 31, 32, 33, 36, 40, 41, 44, 47, 48, 51, 52, 53, 56, 57, 59, 60, 104, 110, 115, 159, 205, 253, 281, 310, 343, 374, 394, 416], "excluded_lines": []}}, "classes": {"TokenPayload": {"executed_lines": [], "summary": {"covered_lines": 0, "num_statements": 0, "percent_covered": 100.0, "percent_covered_display": "100", "missing_lines": 0, "excluded_lines": 0}, "missing_lines": [], "excluded_lines": []}, "JWTConfig": {"executed_lines": [], "summary": {"covered_lines": 0, "num_statements": 14, "percent_covered": 0.0, "percent_covered_display": "0", "missing_lines": 14, "excluded_lines": 0}, "missing_lines": [65, 67, 69, 74, 81, 82, 88, 89, 92, 93, 95, 98, 99, 101], "excluded_lines": []}, "JWTHandler": {"executed_lines": [], "summary": {"covered_lines": 0, "num_statements": 68, "percent_covered": 0.0, "percent_covered_display": "0", "missing_lines": 68, "excluded_lines": 0}, "missing_lines": [112, 113, 136, 137, 139, 152, 153, 155, 157, 180, 181, 182, 184, 185, 187, 201, 203, 222, 223, 233, 234, 235, 238, 239, 241, 243, 245, 246, 248, 249, 251, 270, 272, 273, 276, 277, 279, 292, 293, 295, 306, 308, 321, 322, 325, 327, 339, 341, 356, 357, 365, 366, 367, 369, 371, 372, 384, 385, 387, 389, 390, 392, 404, 406, 407, 409, 410, 412], "excluded_lines": []}, "": {"executed_lines": [], "summary": {"covered_lines": 0, "num_statements": 47, "percent_covered": 0.0, "percent_covered_display": "0", "missing_lines": 47, "excluded_lines": 0}, "missing_lines": [6, 7, 8, 9, 10, 11, 13, 14, 15, 16, 17, 19, 22, 25, 26, 27, 28, 29, 30, 31, 32, 33, 36, 40, 41, 44, 47, 48, 51, 52, 53, 56, 57, 59, 60, 104, 110, 115, 159, 205, 253, 281, 310, 343, 374, 394, 416], "excluded_lines": []}}}, "backend/api/auth/migration.py": {"executed_lines": [], "summary": {"covered_lines": 0, "num_statements": 39, "percent_covered": 0.0, "percent_covered_display": "0", "missing_lines": 39, "excluded_lines": 0}, "missing_lines": [6, 8, 11, 14, 15, 22, 154, 155, 165, 166, 168, 169, 170, 171, 172, 174, 175, 176, 177, 179, 180, 182, 183, 184, 186, 187, 197, 198, 206, 207, 208, 209, 210, 211, 213, 214, 216, 217, 218], "excluded_lines": [], "functions": {"AuthenticationMigration.get_migration_sql": {"executed_lines": [], "summary": {"covered_lines": 0, "num_statements": 1, "percent_covered": 0.0, "percent_covered_display": "0", "missing_lines": 1, "excluded_lines": 0}, "missing_lines": [22], "excluded_lines": []}, "AuthenticationMigration.migrate": {"executed_lines": [], "summary": {"covered_lines": 0, "num_statements": 16, "percent_covered": 0.0, "percent_covered_display": "0", "missing_lines": 16, "excluded_lines": 0}, "missing_lines": [165, 166, 168, 169, 170, 171, 172, 174, 175, 176, 177, 179, 180, 182, 183, 184], "excluded_lines": []}, "AuthenticationMigration.rollback": {"executed_lines": [], "summary": {"covered_lines": 0, "num_statements": 13, "percent_covered": 0.0, "percent_covered_display": "0", "missing_lines": 13, "excluded_lines": 0}, "missing_lines": [197, 198, 206, 207, 208, 209, 210, 211, 213, 214, 216, 217, 218], "excluded_lines": []}, "": {"executed_lines": [], "summary": {"covered_lines": 0, "num_statements": 9, "percent_covered": 0.0, "percent_covered_display": "0", "missing_lines": 9, "excluded_lines": 0}, "missing_lines": [6, 8, 11, 14, 15, 154, 155, 186, 187], "excluded_lines": []}}, "classes": {"AuthenticationMigration": {"executed_lines": [], "summary": {"covered_lines": 0, "num_statements": 30, "percent_covered": 0.0, "percent_covered_display": "0", "missing_lines": 30, "excluded_lines": 0}, "missing_lines": [22, 165, 166, 168, 169, 170, 171, 172, 174, 175, 176, 177, 179, 180, 182, 183, 184, 197, 198, 206, 207, 208, 209, 210, 211, 213, 214, 216, 217, 218], "excluded_lines": []}, "": {"executed_lines": [], "summary": {"covered_lines": 0, "num_statements": 9, "percent_covered": 0.0, "percent_covered_display": "0", "missing_lines": 9, "excluded_lines": 0}, "missing_lines": [6, 8, 11, 14, 15, 154, 155, 186, 187], "excluded_lines": []}}}, "backend/api/auth/models.py": {"executed_lines": [], "summary": {"covered_lines": 0, "num_statements": 214, "percent_covered": 0.0, "percent_covered_display": "0", "missing_lines": 214, "excluded_lines": 0}, "missing_lines": [6, 7, 8, 9, 11, 12, 13, 15, 18, 26, 29, 30, 31, 32, 35, 38, 39, 40, 41, 42, 50, 56, 59, 60, 61, 62, 65, 66, 69, 70, 71, 74, 75, 76, 79, 80, 81, 84, 85, 88, 89, 90, 93, 94, 99, 101, 103, 117, 119, 120, 122, 124, 125, 127, 129, 131, 134, 136, 138, 139, 140, 142, 144, 145, 150, 153, 159, 161, 162, 163, 164, 165, 166, 167, 168, 169, 171, 173, 174, 175, 177, 179, 180, 188, 191, 192, 193, 194, 195, 196, 197, 199, 200, 205, 207, 208, 210, 211, 215, 216, 218, 219, 221, 222, 224, 227, 232, 233, 234, 236, 239, 242, 243, 244, 245, 247, 248, 249, 251, 252, 253, 254, 256, 257, 258, 260, 261, 262, 263, 265, 266, 267, 269, 272, 275, 276, 277, 279, 280, 281, 283, 286, 289, 290, 292, 293, 294, 296, 299, 302, 303, 305, 306, 307, 309, 310, 311, 312, 314, 315, 317, 318, 319, 322, 325, 327, 328, 329, 331, 334, 337, 338, 340, 341, 342, 344, 345, 346, 347, 350, 353, 354, 355, 356, 359, 362, 365, 368, 369, 370, 371, 372, 373, 374, 375, 376, 378, 379, 382, 385, 386, 387, 388, 390, 391, 394, 397, 400, 403, 404, 405, 406, 407, 408], "excluded_lines": [], "functions": {"UserModel.to_dict": {"executed_lines": [], "summary": {"covered_lines": 0, "num_statements": 1, "percent_covered": 0.0, "percent_covered_display": "0", "missing_lines": 1, "excluded_lines": 0}, "missing_lines": [103], "excluded_lines": []}, "UserModel.increment_failed_login": {"executed_lines": [], "summary": {"covered_lines": 0, "num_statements": 2, "percent_covered": 0.0, "percent_covered_display": "0", "missing_lines": 2, "excluded_lines": 0}, "missing_lines": [119, 120], "excluded_lines": []}, "UserModel.reset_failed_login_attempts": {"executed_lines": [], "summary": {"covered_lines": 0, "num_statements": 2, "percent_covered": 0.0, "percent_covered_display": "0", "missing_lines": 2, "excluded_lines": 0}, "missing_lines": [124, 125], "excluded_lines": []}, "UserModel.lock_account": {"executed_lines": [], "summary": {"covered_lines": 0, "num_statements": 3, "percent_covered": 0.0, "percent_covered_display": "0", "missing_lines": 3, "excluded_lines": 0}, "missing_lines": [129, 131, 134], "excluded_lines": []}, "UserModel.is_account_locked": {"executed_lines": [], "summary": {"covered_lines": 0, "num_statements": 3, "percent_covered": 0.0, "percent_covered_display": "0", "missing_lines": 3, "excluded_lines": 0}, "missing_lines": [138, 139, 140], "excluded_lines": []}, "UserModel.unlock_account": {"executed_lines": [], "summary": {"covered_lines": 0, "num_statements": 3, "percent_covered": 0.0, "percent_covered_display": "0", "missing_lines": 3, "excluded_lines": 0}, "missing_lines": [144, 145, 150], "excluded_lines": []}, "RefreshTokenModel.is_valid": {"executed_lines": [], "summary": {"covered_lines": 0, "num_statements": 3, "percent_covered": 0.0, "percent_covered_display": "0", "missing_lines": 3, "excluded_lines": 0}, "missing_lines": [173, 174, 175], "excluded_lines": []}, "RefreshTokenModel.revoke": {"executed_lines": [], "summary": {"covered_lines": 0, "num_statements": 2, "percent_covered": 0.0, "percent_covered_display": "0", "missing_lines": 2, "excluded_lines": 0}, "missing_lines": [179, 180], "excluded_lines": []}, "PasswordValidation.validate": {"executed_lines": [], "summary": {"covered_lines": 0, "num_statements": 17, "percent_covered": 0.0, "percent_covered_display": "0", "missing_lines": 17, "excluded_lines": 0}, "missing_lines": [205, 207, 208, 210, 211, 215, 216, 218, 219, 221, 222, 224, 227, 232, 233, 234, 236], "excluded_lines": []}, "UserCreate.validate_username": {"executed_lines": [], "summary": {"covered_lines": 0, "num_statements": 4, "percent_covered": 0.0, "percent_covered_display": "0", "missing_lines": 4, "excluded_lines": 0}, "missing_lines": [251, 252, 253, 254], "excluded_lines": []}, "UserCreate.validate_password": {"executed_lines": [], "summary": {"covered_lines": 0, "num_statements": 4, "percent_covered": 0.0, "percent_covered_display": "0", "missing_lines": 4, "excluded_lines": 0}, "missing_lines": [260, 261, 262, 263], "excluded_lines": []}, "UserCreate.validate_email": {"executed_lines": [], "summary": {"covered_lines": 0, "num_statements": 1, "percent_covered": 0.0, "percent_covered_display": "0", "missing_lines": 1, "excluded_lines": 0}, "missing_lines": [269], "excluded_lines": []}, "UserLogin.normalize_username": {"executed_lines": [], "summary": {"covered_lines": 0, "num_statements": 1, "percent_covered": 0.0, "percent_covered_display": "0", "missing_lines": 1, "excluded_lines": 0}, "missing_lines": [283], "excluded_lines": []}, "UserUpdate.validate_email": {"executed_lines": [], "summary": {"covered_lines": 0, "num_statements": 1, "percent_covered": 0.0, "percent_covered_display": "0", "missing_lines": 1, "excluded_lines": 0}, "missing_lines": [296], "excluded_lines": []}, "PasswordChange.validate_new_password": {"executed_lines": [], "summary": {"covered_lines": 0, "num_statements": 4, "percent_covered": 0.0, "percent_covered_display": "0", "missing_lines": 4, "excluded_lines": 0}, "missing_lines": [309, 310, 311, 312], "excluded_lines": []}, "PasswordChange.validate_passwords_different": {"executed_lines": [], "summary": {"covered_lines": 0, "num_statements": 3, "percent_covered": 0.0, "percent_covered_display": "0", "missing_lines": 3, "excluded_lines": 0}, "missing_lines": [317, 318, 319], "excluded_lines": []}, "PasswordReset.validate_email": {"executed_lines": [], "summary": {"covered_lines": 0, "num_statements": 1, "percent_covered": 0.0, "percent_covered_display": "0", "missing_lines": 1, "excluded_lines": 0}, "missing_lines": [331], "excluded_lines": []}, "PasswordResetConfirm.validate_password": {"executed_lines": [], "summary": {"covered_lines": 0, "num_statements": 4, "percent_covered": 0.0, "percent_covered_display": "0", "missing_lines": 4, "excluded_lines": 0}, "missing_lines": [344, 345, 346, 347], "excluded_lines": []}, "": {"executed_lines": [], "summary": {"covered_lines": 0, "num_statements": 155, "percent_covered": 0.0, "percent_covered_display": "0", "missing_lines": 155, "excluded_lines": 0}, "missing_lines": [6, 7, 8, 9, 11, 12, 13, 15, 18, 26, 29, 30, 31, 32, 35, 38, 39, 40, 41, 42, 50, 56, 59, 60, 61, 62, 65, 66, 69, 70, 71, 74, 75, 76, 79, 80, 81, 84, 85, 88, 89, 90, 93, 94, 99, 101, 117, 122, 127, 136, 142, 153, 159, 161, 162, 163, 164, 165, 166, 167, 168, 169, 171, 177, 188, 191, 192, 193, 194, 195, 196, 197, 199, 200, 239, 242, 243, 244, 245, 247, 248, 249, 256, 257, 258, 265, 266, 267, 272, 275, 276, 277, 279, 280, 281, 286, 289, 290, 292, 293, 294, 299, 302, 303, 305, 306, 307, 314, 315, 322, 325, 327, 328, 329, 334, 337, 338, 340, 341, 342, 350, 353, 354, 355, 356, 359, 362, 365, 368, 369, 370, 371, 372, 373, 374, 375, 376, 378, 379, 382, 385, 386, 387, 388, 390, 391, 394, 397, 400, 403, 404, 405, 406, 407, 408], "excluded_lines": []}}, "classes": {"UserRole": {"executed_lines": [], "summary": {"covered_lines": 0, "num_statements": 0, "percent_covered": 100.0, "percent_covered_display": "100", "missing_lines": 0, "excluded_lines": 0}, "missing_lines": [], "excluded_lines": []}, "AccountStatus": {"executed_lines": [], "summary": {"covered_lines": 0, "num_statements": 0, "percent_covered": 100.0, "percent_covered_display": "100", "missing_lines": 0, "excluded_lines": 0}, "missing_lines": [], "excluded_lines": []}, "UserModel": {"executed_lines": [], "summary": {"covered_lines": 0, "num_statements": 14, "percent_covered": 0.0, "percent_covered_display": "0", "missing_lines": 14, "excluded_lines": 0}, "missing_lines": [103, 119, 120, 124, 125, 129, 131, 134, 138, 139, 140, 144, 145, 150], "excluded_lines": []}, "RefreshTokenModel": {"executed_lines": [], "summary": {"covered_lines": 0, "num_statements": 5, "percent_covered": 0.0, "percent_covered_display": "0", "missing_lines": 5, "excluded_lines": 0}, "missing_lines": [173, 174, 175, 179, 180], "excluded_lines": []}, "PasswordValidation": {"executed_lines": [], "summary": {"covered_lines": 0, "num_statements": 17, "percent_covered": 0.0, "percent_covered_display": "0", "missing_lines": 17, "excluded_lines": 0}, "missing_lines": [205, 207, 208, 210, 211, 215, 216, 218, 219, 221, 222, 224, 227, 232, 233, 234, 236], "excluded_lines": []}, "UserCreate": {"executed_lines": [], "summary": {"covered_lines": 0, "num_statements": 9, "percent_covered": 0.0, "percent_covered_display": "0", "missing_lines": 9, "excluded_lines": 0}, "missing_lines": [251, 252, 253, 254, 260, 261, 262, 263, 269], "excluded_lines": []}, "UserLogin": {"executed_lines": [], "summary": {"covered_lines": 0, "num_statements": 1, "percent_covered": 0.0, "percent_covered_display": "0", "missing_lines": 1, "excluded_lines": 0}, "missing_lines": [283], "excluded_lines": []}, "UserUpdate": {"executed_lines": [], "summary": {"covered_lines": 0, "num_statements": 1, "percent_covered": 0.0, "percent_covered_display": "0", "missing_lines": 1, "excluded_lines": 0}, "missing_lines": [296], "excluded_lines": []}, "PasswordChange": {"executed_lines": [], "summary": {"covered_lines": 0, "num_statements": 7, "percent_covered": 0.0, "percent_covered_display": "0", "missing_lines": 7, "excluded_lines": 0}, "missing_lines": [309, 310, 311, 312, 317, 318, 319], "excluded_lines": []}, "PasswordReset": {"executed_lines": [], "summary": {"covered_lines": 0, "num_statements": 1, "percent_covered": 0.0, "percent_covered_display": "0", "missing_lines": 1, "excluded_lines": 0}, "missing_lines": [331], "excluded_lines": []}, "PasswordResetConfirm": {"executed_lines": [], "summary": {"covered_lines": 0, "num_statements": 4, "percent_covered": 0.0, "percent_covered_display": "0", "missing_lines": 4, "excluded_lines": 0}, "missing_lines": [344, 345, 346, 347], "excluded_lines": []}, "TokenResponse": {"executed_lines": [], "summary": {"covered_lines": 0, "num_statements": 0, "percent_covered": 100.0, "percent_covered_display": "100", "missing_lines": 0, "excluded_lines": 0}, "missing_lines": [], "excluded_lines": []}, "TokenRefresh": {"executed_lines": [], "summary": {"covered_lines": 0, "num_statements": 0, "percent_covered": 100.0, "percent_covered_display": "100", "missing_lines": 0, "excluded_lines": 0}, "missing_lines": [], "excluded_lines": []}, "UserResponse": {"executed_lines": [], "summary": {"covered_lines": 0, "num_statements": 0, "percent_covered": 100.0, "percent_covered_display": "100", "missing_lines": 0, "excluded_lines": 0}, "missing_lines": [], "excluded_lines": []}, "UserResponse.Config": {"executed_lines": [], "summary": {"covered_lines": 0, "num_statements": 0, "percent_covered": 100.0, "percent_covered_display": "100", "missing_lines": 0, "excluded_lines": 0}, "missing_lines": [], "excluded_lines": []}, "UserProfileResponse": {"executed_lines": [], "summary": {"covered_lines": 0, "num_statements": 0, "percent_covered": 100.0, "percent_covered_display": "100", "missing_lines": 0, "excluded_lines": 0}, "missing_lines": [], "excluded_lines": []}, "UserProfileResponse.Config": {"executed_lines": [], "summary": {"covered_lines": 0, "num_statements": 0, "percent_covered": 100.0, "percent_covered_display": "100", "missing_lines": 0, "excluded_lines": 0}, "missing_lines": [], "excluded_lines": []}, "EmailVerification": {"executed_lines": [], "summary": {"covered_lines": 0, "num_statements": 0, "percent_covered": 100.0, "percent_covered_display": "100", "missing_lines": 0, "excluded_lines": 0}, "missing_lines": [], "excluded_lines": []}, "LoginAttemptLog": {"executed_lines": [], "summary": {"covered_lines": 0, "num_statements": 0, "percent_covered": 100.0, "percent_covered_display": "100", "missing_lines": 0, "excluded_lines": 0}, "missing_lines": [], "excluded_lines": []}, "": {"executed_lines": [], "summary": {"covered_lines": 0, "num_statements": 155, "percent_covered": 0.0, "percent_covered_display": "0", "missing_lines": 155, "excluded_lines": 0}, "missing_lines": [6, 7, 8, 9, 11, 12, 13, 15, 18, 26, 29, 30, 31, 32, 35, 38, 39, 40, 41, 42, 50, 56, 59, 60, 61, 62, 65, 66, 69, 70, 71, 74, 75, 76, 79, 80, 81, 84, 85, 88, 89, 90, 93, 94, 99, 101, 117, 122, 127, 136, 142, 153, 159, 161, 162, 163, 164, 165, 166, 167, 168, 169, 171, 177, 188, 191, 192, 193, 194, 195, 196, 197, 199, 200, 239, 242, 243, 244, 245, 247, 248, 249, 256, 257, 258, 265, 266, 267, 272, 275, 276, 277, 279, 280, 281, 286, 289, 290, 292, 293, 294, 299, 302, 303, 305, 306, 307, 314, 315, 322, 325, 327, 328, 329, 334, 337, 338, 340, 341, 342, 350, 353, 354, 355, 356, 359, 362, 365, 368, 369, 370, 371, 372, 373, 374, 375, 376, 378, 379, 382, 385, 386, 387, 388, 390, 391, 394, 397, 400, 403, 404, 405, 406, 407, 408], "excluded_lines": []}}}, "backend/api/auth/password_security.py": {"executed_lines": [], "summary": {"covered_lines": 0, "num_statements": 171, "percent_covered": 0.0, "percent_covered_display": "0", "missing_lines": 171, "excluded_lines": 0}, "missing_lines": [6, 7, 8, 10, 13, 19, 20, 22, 23, 34, 36, 39, 40, 42, 44, 45, 56, 58, 59, 62, 66, 68, 70, 71, 82, 84, 85, 86, 87, 88, 91, 97, 98, 99, 100, 101, 102, 103, 106, 107, 108, 111, 120, 121, 132, 135, 136, 138, 139, 142, 143, 145, 146, 148, 149, 151, 152, 155, 156, 159, 160, 161, 164, 165, 168, 169, 172, 173, 176, 177, 179, 181, 182, 189, 190, 193, 194, 195, 198, 199, 201, 202, 213, 221, 223, 224, 225, 226, 228, 229, 231, 233, 234, 245, 246, 248, 249, 250, 251, 252, 254, 255, 257, 259, 260, 271, 272, 273, 274, 276, 277, 287, 288, 290, 291, 294, 295, 296, 299, 300, 302, 304, 305, 315, 316, 317, 318, 321, 322, 323, 324, 327, 329, 330, 331, 332, 333, 334, 335, 336, 339, 340, 341, 344, 346, 349, 355, 356, 357, 359, 360, 370, 372, 373, 384, 385, 388, 389, 392, 394, 395, 405, 406, 408, 409, 411, 412, 422, 423, 425, 426], "excluded_lines": [], "functions": {"PasswordHasher.hash_password": {"executed_lines": [], "summary": {"covered_lines": 0, "num_statements": 5, "percent_covered": 0.0, "percent_covered_display": "0", "missing_lines": 5, "excluded_lines": 0}, "missing_lines": [34, 36, 39, 40, 42], "excluded_lines": []}, "PasswordHasher.verify_password": {"executed_lines": [], "summary": {"covered_lines": 0, "num_statements": 6, "percent_covered": 0.0, "percent_covered_display": "0", "missing_lines": 6, "excluded_lines": 0}, "missing_lines": [56, 58, 59, 62, 66, 68], "excluded_lines": []}, "PasswordHasher.needs_rehash": {"executed_lines": [], "summary": {"covered_lines": 0, "num_statements": 6, "percent_covered": 0.0, "percent_covered_display": "0", "missing_lines": 6, "excluded_lines": 0}, "missing_lines": [82, 84, 85, 86, 87, 88], "excluded_lines": []}, "PasswordPolicy.validate_password_strength": {"executed_lines": [], "summary": {"covered_lines": 0, "num_statements": 27, "percent_covered": 0.0, "percent_covered_display": "0", "missing_lines": 27, "excluded_lines": 0}, "missing_lines": [132, 135, 136, 138, 139, 142, 143, 145, 146, 148, 149, 151, 152, 155, 156, 159, 160, 161, 164, 165, 168, 169, 172, 173, 176, 177, 179], "excluded_lines": []}, "PasswordPolicy._calculate_similarity": {"executed_lines": [], "summary": {"covered_lines": 0, "num_statements": 7, "percent_covered": 0.0, "percent_covered_display": "0", "missing_lines": 7, "excluded_lines": 0}, "missing_lines": [189, 190, 193, 194, 195, 198, 199], "excluded_lines": []}, "PasswordPolicy._has_sequential_chars": {"executed_lines": [], "summary": {"covered_lines": 0, "num_statements": 9, "percent_covered": 0.0, "percent_covered_display": "0", "missing_lines": 9, "excluded_lines": 0}, "missing_lines": [213, 221, 223, 224, 225, 226, 228, 229, 231], "excluded_lines": []}, "PasswordPolicy._has_excessive_repeats": {"executed_lines": [], "summary": {"covered_lines": 0, "num_statements": 10, "percent_covered": 0.0, "percent_covered_display": "0", "missing_lines": 10, "excluded_lines": 0}, "missing_lines": [245, 246, 248, 249, 250, 251, 252, 254, 255, 257], "excluded_lines": []}, "PasswordPolicy.check_password_history": {"executed_lines": [], "summary": {"covered_lines": 0, "num_statements": 4, "percent_covered": 0.0, "percent_covered_display": "0", "missing_lines": 4, "excluded_lines": 0}, "missing_lines": [271, 272, 273, 274], "excluded_lines": []}, "PasswordPolicy.check_password_age": {"executed_lines": [], "summary": {"covered_lines": 0, "num_statements": 10, "percent_covered": 0.0, "percent_covered_display": "0", "missing_lines": 10, "excluded_lines": 0}, "missing_lines": [287, 288, 290, 291, 294, 295, 296, 299, 300, 302], "excluded_lines": []}, "PasswordPolicy.generate_strong_password": {"executed_lines": [], "summary": {"covered_lines": 0, "num_statements": 22, "percent_covered": 0.0, "percent_covered_display": "0", "missing_lines": 22, "excluded_lines": 0}, "missing_lines": [315, 316, 317, 318, 321, 322, 323, 324, 327, 329, 330, 331, 332, 333, 334, 335, 336, 339, 340, 341, 344, 346], "excluded_lines": []}, "AccountLockoutPolicy.should_lock_account": {"executed_lines": [], "summary": {"covered_lines": 0, "num_statements": 1, "percent_covered": 0.0, "percent_covered_display": "0", "missing_lines": 1, "excluded_lines": 0}, "missing_lines": [370], "excluded_lines": []}, "AccountLockoutPolicy.get_lockout_duration": {"executed_lines": [], "summary": {"covered_lines": 0, "num_statements": 5, "percent_covered": 0.0, "percent_covered_display": "0", "missing_lines": 5, "excluded_lines": 0}, "missing_lines": [384, 385, 388, 389, 392], "excluded_lines": []}, "AccountLockoutPolicy.should_reset_counter": {"executed_lines": [], "summary": {"covered_lines": 0, "num_statements": 4, "percent_covered": 0.0, "percent_covered_display": "0", "missing_lines": 4, "excluded_lines": 0}, "missing_lines": [405, 406, 408, 409], "excluded_lines": []}, "AccountLockoutPolicy.get_remaining_lockout_time": {"executed_lines": [], "summary": {"covered_lines": 0, "num_statements": 4, "percent_covered": 0.0, "percent_covered_display": "0", "missing_lines": 4, "excluded_lines": 0}, "missing_lines": [422, 423, 425, 426], "excluded_lines": []}, "": {"executed_lines": [], "summary": {"covered_lines": 0, "num_statements": 51, "percent_covered": 0.0, "percent_covered_display": "0", "missing_lines": 51, "excluded_lines": 0}, "missing_lines": [6, 7, 8, 10, 13, 19, 20, 22, 23, 44, 45, 70, 71, 91, 97, 98, 99, 100, 101, 102, 103, 106, 107, 108, 111, 120, 121, 181, 182, 201, 202, 233, 234, 259, 260, 276, 277, 304, 305, 349, 355, 356, 357, 359, 360, 372, 373, 394, 395, 411, 412], "excluded_lines": []}}, "classes": {"PasswordHasher": {"executed_lines": [], "summary": {"covered_lines": 0, "num_statements": 17, "percent_covered": 0.0, "percent_covered_display": "0", "missing_lines": 17, "excluded_lines": 0}, "missing_lines": [34, 36, 39, 40, 42, 56, 58, 59, 62, 66, 68, 82, 84, 85, 86, 87, 88], "excluded_lines": []}, "PasswordPolicy": {"executed_lines": [], "summary": {"covered_lines": 0, "num_statements": 89, "percent_covered": 0.0, "percent_covered_display": "0", "missing_lines": 89, "excluded_lines": 0}, "missing_lines": [132, 135, 136, 138, 139, 142, 143, 145, 146, 148, 149, 151, 152, 155, 156, 159, 160, 161, 164, 165, 168, 169, 172, 173, 176, 177, 179, 189, 190, 193, 194, 195, 198, 199, 213, 221, 223, 224, 225, 226, 228, 229, 231, 245, 246, 248, 249, 250, 251, 252, 254, 255, 257, 271, 272, 273, 274, 287, 288, 290, 291, 294, 295, 296, 299, 300, 302, 315, 316, 317, 318, 321, 322, 323, 324, 327, 329, 330, 331, 332, 333, 334, 335, 336, 339, 340, 341, 344, 346], "excluded_lines": []}, "AccountLockoutPolicy": {"executed_lines": [], "summary": {"covered_lines": 0, "num_statements": 14, "percent_covered": 0.0, "percent_covered_display": "0", "missing_lines": 14, "excluded_lines": 0}, "missing_lines": [370, 384, 385, 388, 389, 392, 405, 406, 408, 409, 422, 423, 425, 426], "excluded_lines": []}, "": {"executed_lines": [], "summary": {"covered_lines": 0, "num_statements": 51, "percent_covered": 0.0, "percent_covered_display": "0", "missing_lines": 51, "excluded_lines": 0}, "missing_lines": [6, 7, 8, 10, 13, 19, 20, 22, 23, 44, 45, 70, 71, 91, 97, 98, 99, 100, 101, 102, 103, 106, 107, 108, 111, 120, 121, 181, 182, 201, 202, 233, 234, 259, 260, 276, 277, 304, 305, 349, 355, 356, 357, 359, 360, 372, 373, 394, 395, 411, 412], "excluded_lines": []}}}, "backend/api/auth/rbac.py": {"executed_lines": [], "summary": {"covered_lines": 0, "num_statements": 302, "percent_covered": 0.0, "percent_covered_display": "0", "missing_lines": 302, "excluded_lines": 2}, "missing_lines": [6, 7, 8, 9, 10, 11, 12, 14, 15, 16, 17, 19, 20, 21, 23, 24, 27, 28, 29, 32, 34, 36, 37, 38, 39, 47, 57, 66, 78, 81, 83, 84, 85, 86, 87, 88, 89, 92, 95, 98, 99, 102, 105, 107, 108, 109, 110, 111, 112, 113, 116, 119, 122, 124, 125, 126, 127, 128, 129, 130, 138, 141, 142, 143, 144, 145, 146, 149, 152, 153, 154, 155, 156, 157, 158, 159, 162, 165, 166, 167, 168, 169, 170, 171, 172, 173, 174, 182, 183, 186, 187, 188, 189, 190, 193, 199, 201, 202, 203, 204, 206, 228, 231, 232, 233, 234, 235, 238, 239, 244, 245, 248, 249, 254, 255, 258, 259, 264, 265, 268, 271, 276, 277, 280, 285, 286, 288, 308, 311, 316, 317, 318, 324, 325, 328, 329, 332, 338, 340, 342, 355, 358, 363, 364, 365, 371, 372, 373, 376, 381, 383, 385, 387, 409, 412, 417, 418, 419, 428, 434, 436, 438, 448, 451, 452, 453, 458, 460, 482, 485, 491, 492, 498, 501, 502, 503, 504, 507, 508, 509, 510, 512, 513, 515, 517, 523, 525, 527, 529, 531, 532, 533, 537, 539, 541, 544, 546, 548, 558, 564, 565, 567, 568, 569, 571, 572, 574, 576, 578, 579, 581, 584, 585, 588, 589, 590, 593, 595, 597, 599, 600, 602, 604, 607, 608, 616, 618, 626, 642, 643, 644, 646, 647, 648, 654, 655, 656, 661, 664, 665, 666, 670, 676, 678, 680, 682, 685, 703, 704, 705, 706, 707, 708, 713, 714, 715, 720, 723, 724, 725, 726, 727, 730, 735, 737, 740, 753, 754, 755, 756, 757, 758, 764, 765, 768, 773, 775, 777, 785, 791, 829, 830, 831, 838, 841, 877, 878, 879, 887, 888, 890, 891, 892, 894, 895, 898, 901, 902, 903, 905, 907, 908], "excluded_lines": [911, 913], "functions": {"RBACService.__init__": {"executed_lines": [], "summary": {"covered_lines": 0, "num_statements": 4, "percent_covered": 0.0, "percent_covered_display": "0", "missing_lines": 4, "excluded_lines": 0}, "missing_lines": [201, 202, 203, 204], "excluded_lines": []}, "RBACService.check_permission": {"executed_lines": [], "summary": {"covered_lines": 0, "num_statements": 25, "percent_covered": 0.0, "percent_covered_display": "0", "missing_lines": 25, "excluded_lines": 0}, "missing_lines": [228, 231, 232, 233, 234, 235, 238, 239, 244, 245, 248, 249, 254, 255, 258, 259, 264, 265, 268, 271, 276, 277, 280, 285, 286], "excluded_lines": []}, "RBACService.assign_role": {"executed_lines": [], "summary": {"covered_lines": 0, "num_statements": 12, "percent_covered": 0.0, "percent_covered_display": "0", "missing_lines": 12, "excluded_lines": 0}, "missing_lines": [308, 311, 316, 317, 318, 324, 325, 328, 329, 332, 338, 340], "excluded_lines": []}, "RBACService.revoke_role": {"executed_lines": [], "summary": {"covered_lines": 0, "num_statements": 12, "percent_covered": 0.0, "percent_covered_display": "0", "missing_lines": 12, "excluded_lines": 0}, "missing_lines": [355, 358, 363, 364, 365, 371, 372, 373, 376, 381, 383, 385], "excluded_lines": []}, "RBACService.grant_permission": {"executed_lines": [], "summary": {"covered_lines": 0, "num_statements": 8, "percent_covered": 0.0, "percent_covered_display": "0", "missing_lines": 8, "excluded_lines": 0}, "missing_lines": [409, 412, 417, 418, 419, 428, 434, 436], "excluded_lines": []}, "RBACService.get_user_permissions": {"executed_lines": [], "summary": {"covered_lines": 0, "num_statements": 5, "percent_covered": 0.0, "percent_covered_display": "0", "missing_lines": 5, "excluded_lines": 0}, "missing_lines": [448, 451, 452, 453, 458], "excluded_lines": []}, "RBACService.create_custom_role": {"executed_lines": [], "summary": {"covered_lines": 0, "num_statements": 17, "percent_covered": 0.0, "percent_covered_display": "0", "missing_lines": 17, "excluded_lines": 0}, "missing_lines": [482, 485, 491, 492, 498, 501, 502, 503, 504, 507, 508, 509, 510, 512, 513, 515, 517], "excluded_lines": []}, "RBACService._is_super_admin": {"executed_lines": [], "summary": {"covered_lines": 0, "num_statements": 1, "percent_covered": 0.0, "percent_covered_display": "0", "missing_lines": 1, "excluded_lines": 0}, "missing_lines": [525], "excluded_lines": []}, "RBACService._has_role_permission": {"executed_lines": [], "summary": {"covered_lines": 0, "num_statements": 6, "percent_covered": 0.0, "percent_covered_display": "0", "missing_lines": 6, "excluded_lines": 0}, "missing_lines": [529, 531, 532, 533, 537, 539], "excluded_lines": []}, "RBACService._has_direct_permission": {"executed_lines": [], "summary": {"covered_lines": 0, "num_statements": 2, "percent_covered": 0.0, "percent_covered_display": "0", "missing_lines": 2, "excluded_lines": 0}, "missing_lines": [544, 546], "excluded_lines": []}, "RBACService._check_resource_policy": {"executed_lines": [], "summary": {"covered_lines": 0, "num_statements": 9, "percent_covered": 0.0, "percent_covered_display": "0", "missing_lines": 9, "excluded_lines": 0}, "missing_lines": [558, 564, 565, 567, 568, 569, 571, 572, 574], "excluded_lines": []}, "RBACService._get_role_permissions_recursive": {"executed_lines": [], "summary": {"covered_lines": 0, "num_statements": 10, "percent_covered": 0.0, "percent_covered_display": "0", "missing_lines": 10, "excluded_lines": 0}, "missing_lines": [578, 579, 581, 584, 585, 588, 589, 590, 593, 595], "excluded_lines": []}, "RBACService._cache_permission": {"executed_lines": [], "summary": {"covered_lines": 0, "num_statements": 2, "percent_covered": 0.0, "percent_covered_display": "0", "missing_lines": 2, "excluded_lines": 0}, "missing_lines": [599, 600], "excluded_lines": []}, "RBACService._clear_user_cache": {"executed_lines": [], "summary": {"covered_lines": 0, "num_statements": 3, "percent_covered": 0.0, "percent_covered_display": "0", "missing_lines": 3, "excluded_lines": 0}, "missing_lines": [604, 607, 608], "excluded_lines": []}, "get_rbac_service": {"executed_lines": [], "summary": {"covered_lines": 0, "num_statements": 1, "percent_covered": 0.0, "percent_covered_display": "0", "missing_lines": 1, "excluded_lines": 0}, "missing_lines": [618], "excluded_lines": []}, "require_permission": {"executed_lines": [], "summary": {"covered_lines": 0, "num_statements": 3, "percent_covered": 0.0, "percent_covered_display": "0", "missing_lines": 3, "excluded_lines": 0}, "missing_lines": [642, 643, 682], "excluded_lines": []}, "require_permission.decorator": {"executed_lines": [], "summary": {"covered_lines": 0, "num_statements": 2, "percent_covered": 0.0, "percent_covered_display": "0", "missing_lines": 2, "excluded_lines": 0}, "missing_lines": [644, 680], "excluded_lines": []}, "require_permission.decorator.wrapper": {"executed_lines": [], "summary": {"covered_lines": 0, "num_statements": 13, "percent_covered": 0.0, "percent_covered_display": "0", "missing_lines": 13, "excluded_lines": 0}, "missing_lines": [646, 647, 648, 654, 655, 656, 661, 664, 665, 666, 670, 676, 678], "excluded_lines": []}, "require_any_permission": {"executed_lines": [], "summary": {"covered_lines": 0, "num_statements": 3, "percent_covered": 0.0, "percent_covered_display": "0", "missing_lines": 3, "excluded_lines": 0}, "missing_lines": [703, 704, 737], "excluded_lines": []}, "require_any_permission.decorator": {"executed_lines": [], "summary": {"covered_lines": 0, "num_statements": 2, "percent_covered": 0.0, "percent_covered_display": "0", "missing_lines": 2, "excluded_lines": 0}, "missing_lines": [705, 735], "excluded_lines": []}, "require_any_permission.decorator.wrapper": {"executed_lines": [], "summary": {"covered_lines": 0, "num_statements": 13, "percent_covered": 0.0, "percent_covered_display": "0", "missing_lines": 13, "excluded_lines": 0}, "missing_lines": [706, 707, 708, 713, 714, 715, 720, 723, 724, 725, 726, 727, 730], "excluded_lines": []}, "require_role": {"executed_lines": [], "summary": {"covered_lines": 0, "num_statements": 3, "percent_covered": 0.0, "percent_covered_display": "0", "missing_lines": 3, "excluded_lines": 0}, "missing_lines": [753, 754, 777], "excluded_lines": []}, "require_role.decorator": {"executed_lines": [], "summary": {"covered_lines": 0, "num_statements": 2, "percent_covered": 0.0, "percent_covered_display": "0", "missing_lines": 2, "excluded_lines": 0}, "missing_lines": [755, 775], "excluded_lines": []}, "require_role.decorator.wrapper": {"executed_lines": [], "summary": {"covered_lines": 0, "num_statements": 7, "percent_covered": 0.0, "percent_covered_display": "0", "missing_lines": 7, "excluded_lines": 0}, "missing_lines": [756, 757, 758, 764, 765, 768, 773], "excluded_lines": []}, "initialize_rbac_system": {"executed_lines": [], "summary": {"covered_lines": 0, "num_statements": 23, "percent_covered": 0.0, "percent_covered_display": "0", "missing_lines": 23, "excluded_lines": 0}, "missing_lines": [791, 829, 830, 831, 838, 841, 877, 878, 879, 887, 888, 890, 891, 892, 894, 895, 898, 901, 902, 903, 905, 907, 908], "excluded_lines": []}, "": {"executed_lines": [], "summary": {"covered_lines": 0, "num_statements": 114, "percent_covered": 0.0, "percent_covered_display": "0", "missing_lines": 114, "excluded_lines": 2}, "missing_lines": [6, 7, 8, 9, 10, 11, 12, 14, 15, 16, 17, 19, 20, 21, 23, 24, 27, 28, 29, 32, 34, 36, 37, 38, 39, 47, 57, 66, 78, 81, 83, 84, 85, 86, 87, 88, 89, 92, 95, 98, 99, 102, 105, 107, 108, 109, 110, 111, 112, 113, 116, 119, 122, 124, 125, 126, 127, 128, 129, 130, 138, 141, 142, 143, 144, 145, 146, 149, 152, 153, 154, 155, 156, 157, 158, 159, 162, 165, 166, 167, 168, 169, 170, 171, 172, 173, 174, 182, 183, 186, 187, 188, 189, 190, 193, 199, 206, 288, 342, 387, 438, 460, 523, 527, 541, 548, 576, 597, 602, 616, 626, 685, 740, 785], "excluded_lines": [911, 913]}}, "classes": {"Role": {"executed_lines": [], "summary": {"covered_lines": 0, "num_statements": 0, "percent_covered": 100.0, "percent_covered_display": "100", "missing_lines": 0, "excluded_lines": 0}, "missing_lines": [], "excluded_lines": []}, "Permission": {"executed_lines": [], "summary": {"covered_lines": 0, "num_statements": 0, "percent_covered": 100.0, "percent_covered_display": "100", "missing_lines": 0, "excluded_lines": 0}, "missing_lines": [], "excluded_lines": []}, "ResourcePolicy": {"executed_lines": [], "summary": {"covered_lines": 0, "num_statements": 0, "percent_covered": 100.0, "percent_covered_display": "100", "missing_lines": 0, "excluded_lines": 0}, "missing_lines": [], "excluded_lines": []}, "SystemRoles": {"executed_lines": [], "summary": {"covered_lines": 0, "num_statements": 0, "percent_covered": 100.0, "percent_covered_display": "100", "missing_lines": 0, "excluded_lines": 0}, "missing_lines": [], "excluded_lines": []}, "ResourceTypes": {"executed_lines": [], "summary": {"covered_lines": 0, "num_statements": 0, "percent_covered": 100.0, "percent_covered_display": "100", "missing_lines": 0, "excluded_lines": 0}, "missing_lines": [], "excluded_lines": []}, "Actions": {"executed_lines": [], "summary": {"covered_lines": 0, "num_statements": 0, "percent_covered": 100.0, "percent_covered_display": "100", "missing_lines": 0, "excluded_lines": 0}, "missing_lines": [], "excluded_lines": []}, "PermissionCheck": {"executed_lines": [], "summary": {"covered_lines": 0, "num_statements": 0, "percent_covered": 100.0, "percent_covered_display": "100", "missing_lines": 0, "excluded_lines": 0}, "missing_lines": [], "excluded_lines": []}, "RBACService": {"executed_lines": [], "summary": {"covered_lines": 0, "num_statements": 116, "percent_covered": 0.0, "percent_covered_display": "0", "missing_lines": 116, "excluded_lines": 0}, "missing_lines": [201, 202, 203, 204, 228, 231, 232, 233, 234, 235, 238, 239, 244, 245, 248, 249, 254, 255, 258, 259, 264, 265, 268, 271, 276, 277, 280, 285, 286, 308, 311, 316, 317, 318, 324, 325, 328, 329, 332, 338, 340, 355, 358, 363, 364, 365, 371, 372, 373, 376, 381, 383, 385, 409, 412, 417, 418, 419, 428, 434, 436, 448, 451, 452, 453, 458, 482, 485, 491, 492, 498, 501, 502, 503, 504, 507, 508, 509, 510, 512, 513, 515, 517, 525, 529, 531, 532, 533, 537, 539, 544, 546, 558, 564, 565, 567, 568, 569, 571, 572, 574, 578, 579, 581, 584, 585, 588, 589, 590, 593, 595, 599, 600, 604, 607, 608], "excluded_lines": []}, "": {"executed_lines": [], "summary": {"covered_lines": 0, "num_statements": 186, "percent_covered": 0.0, "percent_covered_display": "0", "missing_lines": 186, "excluded_lines": 2}, "missing_lines": [6, 7, 8, 9, 10, 11, 12, 14, 15, 16, 17, 19, 20, 21, 23, 24, 27, 28, 29, 32, 34, 36, 37, 38, 39, 47, 57, 66, 78, 81, 83, 84, 85, 86, 87, 88, 89, 92, 95, 98, 99, 102, 105, 107, 108, 109, 110, 111, 112, 113, 116, 119, 122, 124, 125, 126, 127, 128, 129, 130, 138, 141, 142, 143, 144, 145, 146, 149, 152, 153, 154, 155, 156, 157, 158, 159, 162, 165, 166, 167, 168, 169, 170, 171, 172, 173, 174, 182, 183, 186, 187, 188, 189, 190, 193, 199, 206, 288, 342, 387, 438, 460, 523, 527, 541, 548, 576, 597, 602, 616, 618, 626, 642, 643, 644, 646, 647, 648, 654, 655, 656, 661, 664, 665, 666, 670, 676, 678, 680, 682, 685, 703, 704, 705, 706, 707, 708, 713, 714, 715, 720, 723, 724, 725, 726, 727, 730, 735, 737, 740, 753, 754, 755, 756, 757, 758, 764, 765, 768, 773, 775, 777, 785, 791, 829, 830, 831, 838, 841, 877, 878, 879, 887, 888, 890, 891, 892, 894, 895, 898, 901, 902, 903, 905, 907, 908], "excluded_lines": [911, 913]}}}, "backend/api/auth/routes.py": {"executed_lines": [], "summary": {"covered_lines": 0, "num_statements": 194, "percent_covered": 0.0, "percent_covered_display": "0", "missing_lines": 194, "excluded_lines": 0}, "missing_lines": [6, 7, 8, 10, 11, 13, 14, 18, 19, 34, 35, 36, 38, 41, 49, 52, 63, 66, 74, 75, 78, 80, 81, 87, 88, 89, 90, 93, 95, 98, 99, 112, 115, 116, 117, 118, 119, 122, 125, 132, 140, 141, 142, 145, 146, 149, 150, 153, 160, 161, 166, 167, 177, 179, 187, 188, 198, 201, 202, 203, 206, 210, 211, 212, 218, 226, 227, 240, 243, 244, 247, 248, 249, 251, 252, 254, 257, 258, 268, 271, 273, 274, 279, 281, 286, 287, 297, 300, 302, 304, 306, 307, 308, 309, 315, 316, 318, 321, 322, 328, 333, 334, 345, 348, 352, 353, 358, 360, 363, 364, 374, 377, 379, 380, 385, 387, 395, 396, 405, 408, 409, 423, 424, 426, 428, 434, 435, 441, 442, 443, 446, 448, 449, 455, 456, 460, 463, 464, 468, 469, 470, 472, 474, 477, 478, 490, 493, 499, 500, 505, 507, 512, 513, 527, 528, 531, 532, 534, 535, 537, 538, 539, 540, 541, 543, 544, 545, 548, 549, 550, 553, 564, 565, 567, 574, 587, 590, 591, 602, 605, 613, 614, 618, 619, 621, 623, 631, 632, 639, 641, 643, 644, 645, 646], "excluded_lines": [], "functions": {"register": {"executed_lines": [], "summary": {"covered_lines": 0, "num_statements": 13, "percent_covered": 0.0, "percent_covered_display": "0", "missing_lines": 13, "excluded_lines": 0}, "missing_lines": [63, 66, 74, 75, 78, 80, 81, 87, 88, 89, 90, 93, 95], "excluded_lines": []}, "login": {"executed_lines": [], "summary": {"covered_lines": 0, "num_statements": 23, "percent_covered": 0.0, "percent_covered_display": "0", "missing_lines": 23, "excluded_lines": 0}, "missing_lines": [112, 115, 116, 117, 118, 119, 122, 125, 132, 140, 141, 142, 145, 146, 149, 150, 153, 160, 161, 166, 167, 177, 179], "excluded_lines": []}, "refresh_tokens": {"executed_lines": [], "summary": {"covered_lines": 0, "num_statements": 9, "percent_covered": 0.0, "percent_covered_display": "0", "missing_lines": 9, "excluded_lines": 0}, "missing_lines": [198, 201, 202, 203, 206, 210, 211, 212, 218], "excluded_lines": []}, "logout": {"executed_lines": [], "summary": {"covered_lines": 0, "num_statements": 9, "percent_covered": 0.0, "percent_covered_display": "0", "missing_lines": 9, "excluded_lines": 0}, "missing_lines": [240, 243, 244, 247, 248, 249, 251, 252, 254], "excluded_lines": []}, "logout_all_devices": {"executed_lines": [], "summary": {"covered_lines": 0, "num_statements": 6, "percent_covered": 0.0, "percent_covered_display": "0", "missing_lines": 6, "excluded_lines": 0}, "missing_lines": [268, 271, 273, 274, 279, 281], "excluded_lines": []}, "request_password_reset": {"executed_lines": [], "summary": {"covered_lines": 0, "num_statements": 14, "percent_covered": 0.0, "percent_covered_display": "0", "missing_lines": 14, "excluded_lines": 0}, "missing_lines": [297, 300, 302, 304, 306, 307, 308, 309, 315, 316, 318, 321, 322, 328], "excluded_lines": []}, "reset_password": {"executed_lines": [], "summary": {"covered_lines": 0, "num_statements": 6, "percent_covered": 0.0, "percent_covered_display": "0", "missing_lines": 6, "excluded_lines": 0}, "missing_lines": [345, 348, 352, 353, 358, 360], "excluded_lines": []}, "verify_email": {"executed_lines": [], "summary": {"covered_lines": 0, "num_statements": 6, "percent_covered": 0.0, "percent_covered_display": "0", "missing_lines": 6, "excluded_lines": 0}, "missing_lines": [374, 377, 379, 380, 385, 387], "excluded_lines": []}, "get_current_user_profile": {"executed_lines": [], "summary": {"covered_lines": 0, "num_statements": 1, "percent_covered": 0.0, "percent_covered_display": "0", "missing_lines": 1, "excluded_lines": 0}, "missing_lines": [405], "excluded_lines": []}, "update_user_profile": {"executed_lines": [], "summary": {"covered_lines": 0, "num_statements": 22, "percent_covered": 0.0, "percent_covered_display": "0", "missing_lines": 22, "excluded_lines": 0}, "missing_lines": [423, 424, 426, 428, 434, 435, 441, 442, 443, 446, 448, 449, 455, 456, 460, 463, 464, 468, 469, 470, 472, 474], "excluded_lines": []}, "change_password": {"executed_lines": [], "summary": {"covered_lines": 0, "num_statements": 6, "percent_covered": 0.0, "percent_covered_display": "0", "missing_lines": 6, "excluded_lines": 0}, "missing_lines": [490, 493, 499, 500, 505, 507], "excluded_lines": []}, "get_active_sessions": {"executed_lines": [], "summary": {"covered_lines": 0, "num_statements": 23, "percent_covered": 0.0, "percent_covered_display": "0", "missing_lines": 23, "excluded_lines": 0}, "missing_lines": [527, 528, 531, 532, 534, 535, 537, 538, 539, 540, 541, 543, 544, 545, 548, 549, 550, 553, 564, 565, 567, 574, 587], "excluded_lines": []}, "revoke_session": {"executed_lines": [], "summary": {"covered_lines": 0, "num_statements": 8, "percent_covered": 0.0, "percent_covered_display": "0", "missing_lines": 8, "excluded_lines": 0}, "missing_lines": [602, 605, 613, 614, 618, 619, 621, 623], "excluded_lines": []}, "auth_health_check": {"executed_lines": [], "summary": {"covered_lines": 0, "num_statements": 6, "percent_covered": 0.0, "percent_covered_display": "0", "missing_lines": 6, "excluded_lines": 0}, "missing_lines": [639, 641, 643, 644, 645, 646], "excluded_lines": []}, "": {"executed_lines": [], "summary": {"covered_lines": 0, "num_statements": 42, "percent_covered": 0.0, "percent_covered_display": "0", "missing_lines": 42, "excluded_lines": 0}, "missing_lines": [6, 7, 8, 10, 11, 13, 14, 18, 19, 34, 35, 36, 38, 41, 49, 52, 98, 99, 187, 188, 226, 227, 257, 258, 286, 287, 333, 334, 363, 364, 395, 396, 408, 409, 477, 478, 512, 513, 590, 591, 631, 632], "excluded_lines": []}}, "classes": {"": {"executed_lines": [], "summary": {"covered_lines": 0, "num_statements": 194, "percent_covered": 0.0, "percent_covered_display": "0", "missing_lines": 194, "excluded_lines": 0}, "missing_lines": [6, 7, 8, 10, 11, 13, 14, 18, 19, 34, 35, 36, 38, 41, 49, 52, 63, 66, 74, 75, 78, 80, 81, 87, 88, 89, 90, 93, 95, 98, 99, 112, 115, 116, 117, 118, 119, 122, 125, 132, 140, 141, 142, 145, 146, 149, 150, 153, 160, 161, 166, 167, 177, 179, 187, 188, 198, 201, 202, 203, 206, 210, 211, 212, 218, 226, 227, 240, 243, 244, 247, 248, 249, 251, 252, 254, 257, 258, 268, 271, 273, 274, 279, 281, 286, 287, 297, 300, 302, 304, 306, 307, 308, 309, 315, 316, 318, 321, 322, 328, 333, 334, 345, 348, 352, 353, 358, 360, 363, 364, 374, 377, 379, 380, 385, 387, 395, 396, 405, 408, 409, 423, 424, 426, 428, 434, 435, 441, 442, 443, 446, 448, 449, 455, 456, 460, 463, 464, 468, 469, 470, 472, 474, 477, 478, 490, 493, 499, 500, 505, 507, 512, 513, 527, 528, 531, 532, 534, 535, 537, 538, 539, 540, 541, 543, 544, 545, 548, 549, 550, 553, 564, 565, 567, 574, 587, 590, 591, 602, 605, 613, 614, 618, 619, 621, 623, 631, 632, 639, 641, 643, 644, 645, 646], "excluded_lines": []}}}, "backend/api/auth/security.py": {"executed_lines": [], "summary": {"covered_lines": 0, "num_statements": 131, "percent_covered": 0.0, "percent_covered_display": "0", "missing_lines": 131, "excluded_lines": 0}, "missing_lines": [6, 7, 8, 9, 10, 11, 13, 14, 15, 16, 17, 19, 23, 27, 28, 29, 30, 33, 36, 37, 40, 41, 42, 45, 46, 49, 50, 51, 54, 57, 59, 60, 61, 63, 65, 67, 71, 73, 76, 81, 86, 87, 90, 91, 95, 96, 98, 100, 101, 103, 105, 107, 109, 113, 116, 119, 120, 121, 127, 137, 138, 139, 142, 153, 154, 157, 158, 164, 182, 185, 190, 203, 204, 207, 211, 214, 228, 231, 232, 235, 240, 241, 252, 253, 256, 260, 263, 276, 278, 280, 290, 291, 292, 294, 296, 298, 299, 301, 302, 304, 307, 318, 319, 320, 321, 327, 337, 340, 351, 354, 356, 367, 372, 382, 383, 384, 385, 388, 399, 402, 404, 415, 420, 430, 431, 432, 433, 436, 446, 449, 460], "excluded_lines": [], "functions": {"KeyManager.__init__": {"executed_lines": [], "summary": {"covered_lines": 0, "num_statements": 3, "percent_covered": 0.0, "percent_covered_display": "0", "missing_lines": 3, "excluded_lines": 0}, "missing_lines": [59, 60, 61], "excluded_lines": []}, "KeyManager._ensure_keys_exist": {"executed_lines": [], "summary": {"covered_lines": 0, "num_statements": 3, "percent_covered": 0.0, "percent_covered_display": "0", "missing_lines": 3, "excluded_lines": 0}, "missing_lines": [65, 67, 71], "excluded_lines": []}, "KeyManager._generate_key_pair": {"executed_lines": [], "summary": {"covered_lines": 0, "num_statements": 8, "percent_covered": 0.0, "percent_covered_display": "0", "missing_lines": 8, "excluded_lines": 0}, "missing_lines": [76, 81, 86, 87, 90, 91, 95, 96], "excluded_lines": []}, "KeyManager._load_keys": {"executed_lines": [], "summary": {"covered_lines": 0, "num_statements": 2, "percent_covered": 0.0, "percent_covered_display": "0", "missing_lines": 2, "excluded_lines": 0}, "missing_lines": [100, 101], "excluded_lines": []}, "KeyManager.get_private_key": {"executed_lines": [], "summary": {"covered_lines": 0, "num_statements": 1, "percent_covered": 0.0, "percent_covered_display": "0", "missing_lines": 1, "excluded_lines": 0}, "missing_lines": [105], "excluded_lines": []}, "KeyManager.get_public_key": {"executed_lines": [], "summary": {"covered_lines": 0, "num_statements": 1, "percent_covered": 0.0, "percent_covered_display": "0", "missing_lines": 1, "excluded_lines": 0}, "missing_lines": [109], "excluded_lines": []}, "get_key_manager": {"executed_lines": [], "summary": {"covered_lines": 0, "num_statements": 3, "percent_covered": 0.0, "percent_covered_display": "0", "missing_lines": 3, "excluded_lines": 0}, "missing_lines": [119, 120, 121], "excluded_lines": []}, "hash_password": {"executed_lines": [], "summary": {"covered_lines": 0, "num_statements": 3, "percent_covered": 0.0, "percent_covered_display": "0", "missing_lines": 3, "excluded_lines": 0}, "missing_lines": [137, 138, 139], "excluded_lines": []}, "verify_password": {"executed_lines": [], "summary": {"covered_lines": 0, "num_statements": 4, "percent_covered": 0.0, "percent_covered_display": "0", "missing_lines": 4, "excluded_lines": 0}, "missing_lines": [153, 154, 157, 158], "excluded_lines": []}, "create_access_token": {"executed_lines": [], "summary": {"covered_lines": 0, "num_statements": 7, "percent_covered": 0.0, "percent_covered_display": "0", "missing_lines": 7, "excluded_lines": 0}, "missing_lines": [182, 185, 190, 203, 204, 207, 211], "excluded_lines": []}, "create_refresh_token": {"executed_lines": [], "summary": {"covered_lines": 0, "num_statements": 10, "percent_covered": 0.0, "percent_covered_display": "0", "missing_lines": 10, "excluded_lines": 0}, "missing_lines": [228, 231, 232, 235, 240, 241, 252, 253, 256, 260], "excluded_lines": []}, "verify_token": {"executed_lines": [], "summary": {"covered_lines": 0, "num_statements": 13, "percent_covered": 0.0, "percent_covered_display": "0", "missing_lines": 13, "excluded_lines": 0}, "missing_lines": [276, 278, 280, 290, 291, 292, 294, 296, 298, 299, 301, 302, 304], "excluded_lines": []}, "decode_token_unsafe": {"executed_lines": [], "summary": {"covered_lines": 0, "num_statements": 4, "percent_covered": 0.0, "percent_covered_display": "0", "missing_lines": 4, "excluded_lines": 0}, "missing_lines": [318, 319, 320, 321], "excluded_lines": []}, "generate_secure_token": {"executed_lines": [], "summary": {"covered_lines": 0, "num_statements": 1, "percent_covered": 0.0, "percent_covered_display": "0", "missing_lines": 1, "excluded_lines": 0}, "missing_lines": [337], "excluded_lines": []}, "generate_password_reset_token": {"executed_lines": [], "summary": {"covered_lines": 0, "num_statements": 4, "percent_covered": 0.0, "percent_covered_display": "0", "missing_lines": 4, "excluded_lines": 0}, "missing_lines": [351, 354, 356, 367], "excluded_lines": []}, "verify_password_reset_token": {"executed_lines": [], "summary": {"covered_lines": 0, "num_statements": 4, "percent_covered": 0.0, "percent_covered_display": "0", "missing_lines": 4, "excluded_lines": 0}, "missing_lines": [382, 383, 384, 385], "excluded_lines": []}, "generate_email_verification_token": {"executed_lines": [], "summary": {"covered_lines": 0, "num_statements": 4, "percent_covered": 0.0, "percent_covered_display": "0", "missing_lines": 4, "excluded_lines": 0}, "missing_lines": [399, 402, 404, 415], "excluded_lines": []}, "verify_email_verification_token": {"executed_lines": [], "summary": {"covered_lines": 0, "num_statements": 4, "percent_covered": 0.0, "percent_covered_display": "0", "missing_lines": 4, "excluded_lines": 0}, "missing_lines": [430, 431, 432, 433], "excluded_lines": []}, "hash_token": {"executed_lines": [], "summary": {"covered_lines": 0, "num_statements": 1, "percent_covered": 0.0, "percent_covered_display": "0", "missing_lines": 1, "excluded_lines": 0}, "missing_lines": [446], "excluded_lines": []}, "constant_time_compare": {"executed_lines": [], "summary": {"covered_lines": 0, "num_statements": 1, "percent_covered": 0.0, "percent_covered_display": "0", "missing_lines": 1, "excluded_lines": 0}, "missing_lines": [460], "excluded_lines": []}, "": {"executed_lines": [], "summary": {"covered_lines": 0, "num_statements": 50, "percent_covered": 0.0, "percent_covered_display": "0", "missing_lines": 50, "excluded_lines": 0}, "missing_lines": [6, 7, 8, 9, 10, 11, 13, 14, 15, 16, 17, 19, 23, 27, 28, 29, 30, 33, 36, 37, 40, 41, 42, 45, 46, 49, 50, 51, 54, 57, 63, 73, 98, 103, 107, 113, 116, 127, 142, 164, 214, 263, 307, 327, 340, 372, 388, 420, 436, 449], "excluded_lines": []}}, "classes": {"SecurityConfig": {"executed_lines": [], "summary": {"covered_lines": 0, "num_statements": 0, "percent_covered": 100.0, "percent_covered_display": "100", "missing_lines": 0, "excluded_lines": 0}, "missing_lines": [], "excluded_lines": []}, "KeyManager": {"executed_lines": [], "summary": {"covered_lines": 0, "num_statements": 18, "percent_covered": 0.0, "percent_covered_display": "0", "missing_lines": 18, "excluded_lines": 0}, "missing_lines": [59, 60, 61, 65, 67, 71, 76, 81, 86, 87, 90, 91, 95, 96, 100, 101, 105, 109], "excluded_lines": []}, "": {"executed_lines": [], "summary": {"covered_lines": 0, "num_statements": 113, "percent_covered": 0.0, "percent_covered_display": "0", "missing_lines": 113, "excluded_lines": 0}, "missing_lines": [6, 7, 8, 9, 10, 11, 13, 14, 15, 16, 17, 19, 23, 27, 28, 29, 30, 33, 36, 37, 40, 41, 42, 45, 46, 49, 50, 51, 54, 57, 63, 73, 98, 103, 107, 113, 116, 119, 120, 121, 127, 137, 138, 139, 142, 153, 154, 157, 158, 164, 182, 185, 190, 203, 204, 207, 211, 214, 228, 231, 232, 235, 240, 241, 252, 253, 256, 260, 263, 276, 278, 280, 290, 291, 292, 294, 296, 298, 299, 301, 302, 304, 307, 318, 319, 320, 321, 327, 337, 340, 351, 354, 356, 367, 372, 382, 383, 384, 385, 388, 399, 402, 404, 415, 420, 430, 431, 432, 433, 436, 446, 449, 460], "excluded_lines": []}}}, "backend/api/auth/service.py": {"executed_lines": [], "summary": {"covered_lines": 0, "num_statements": 266, "percent_covered": 0.0, "percent_covered_display": "0", "missing_lines": 266, "excluded_lines": 0}, "missing_lines": [6, 7, 8, 10, 11, 13, 14, 15, 22, 28, 31, 36, 43, 44, 45, 46, 52, 73, 75, 86, 87, 88, 90, 93, 96, 97, 100, 103, 119, 120, 122, 123, 124, 126, 127, 129, 130, 131, 132, 138, 152, 154, 165, 167, 170, 173, 174, 177, 178, 181, 182, 183, 186, 188, 191, 192, 195, 196, 198, 199, 202, 203, 206, 207, 210, 211, 212, 215, 216, 218, 219, 221, 222, 224, 225, 226, 227, 233, 247, 255, 263, 271, 272, 275, 277, 279, 292, 294, 298, 299, 302, 308, 309, 312, 315, 326, 328, 331, 335, 338, 344, 345, 348, 349, 350, 351, 354, 357, 365, 374, 382, 385, 387, 389, 391, 393, 394, 395, 396, 398, 408, 410, 414, 415, 418, 424, 425, 426, 428, 430, 431, 432, 433, 435, 445, 447, 448, 449, 450, 453, 465, 466, 468, 469, 470, 471, 473, 481, 492, 506, 507, 509, 510, 513, 516, 519, 522, 523, 526, 529, 530, 533, 534, 537, 539, 541, 543, 544, 545, 546, 548, 558, 559, 565, 567, 570, 573, 574, 576, 578, 580, 581, 582, 583, 585, 596, 598, 602, 603, 605, 611, 612, 615, 619, 622, 625, 626, 629, 630, 631, 632, 635, 638, 639, 641, 643, 645, 646, 647, 648, 654, 664, 666, 670, 671, 673, 679, 680, 682, 683, 686, 687, 688, 689, 691, 693, 695, 696, 697, 698, 704, 706, 708, 710, 716, 718, 720, 722, 723, 724, 725, 726, 727, 728, 729, 731, 741, 744, 751, 752, 754, 763, 765, 766, 767, 769, 776, 777, 784, 785, 786, 788, 790, 791, 792, 793], "excluded_lines": [], "functions": {"AuthenticationService.__init__": {"executed_lines": [], "summary": {"covered_lines": 0, "num_statements": 4, "percent_covered": 0.0, "percent_covered_display": "0", "missing_lines": 4, "excluded_lines": 0}, "missing_lines": [43, 44, 45, 46], "excluded_lines": []}, "AuthenticationService.register_user": {"executed_lines": [], "summary": {"covered_lines": 0, "num_statements": 22, "percent_covered": 0.0, "percent_covered_display": "0", "missing_lines": 22, "excluded_lines": 0}, "missing_lines": [73, 75, 86, 87, 88, 90, 93, 96, 97, 100, 103, 119, 120, 122, 123, 124, 126, 127, 129, 130, 131, 132], "excluded_lines": []}, "AuthenticationService.authenticate_user": {"executed_lines": [], "summary": {"covered_lines": 0, "num_statements": 37, "percent_covered": 0.0, "percent_covered_display": "0", "missing_lines": 37, "excluded_lines": 0}, "missing_lines": [152, 154, 165, 167, 170, 173, 174, 177, 178, 181, 182, 183, 186, 188, 191, 192, 195, 196, 198, 199, 202, 203, 206, 207, 210, 211, 212, 215, 216, 218, 219, 221, 222, 224, 225, 226, 227], "excluded_lines": []}, "AuthenticationService.create_tokens": {"executed_lines": [], "summary": {"covered_lines": 0, "num_statements": 7, "percent_covered": 0.0, "percent_covered_display": "0", "missing_lines": 7, "excluded_lines": 0}, "missing_lines": [247, 255, 263, 271, 272, 275, 277], "excluded_lines": []}, "AuthenticationService.refresh_tokens": {"executed_lines": [], "summary": {"covered_lines": 0, "num_statements": 33, "percent_covered": 0.0, "percent_covered_display": "0", "missing_lines": 33, "excluded_lines": 0}, "missing_lines": [292, 294, 298, 299, 302, 308, 309, 312, 315, 326, 328, 331, 335, 338, 344, 345, 348, 349, 350, 351, 354, 357, 365, 374, 382, 385, 387, 389, 391, 393, 394, 395, 396], "excluded_lines": []}, "AuthenticationService.revoke_refresh_token": {"executed_lines": [], "summary": {"covered_lines": 0, "num_statements": 13, "percent_covered": 0.0, "percent_covered_display": "0", "missing_lines": 13, "excluded_lines": 0}, "missing_lines": [408, 410, 414, 415, 418, 424, 425, 426, 428, 430, 431, 432, 433], "excluded_lines": []}, "AuthenticationService.revoke_all_user_tokens": {"executed_lines": [], "summary": {"covered_lines": 0, "num_statements": 12, "percent_covered": 0.0, "percent_covered_display": "0", "missing_lines": 12, "excluded_lines": 0}, "missing_lines": [445, 447, 448, 449, 450, 453, 465, 466, 468, 469, 470, 471], "excluded_lines": []}, "AuthenticationService._revoke_token_family": {"executed_lines": [], "summary": {"covered_lines": 0, "num_statements": 1, "percent_covered": 0.0, "percent_covered_display": "0", "missing_lines": 1, "excluded_lines": 0}, "missing_lines": [481], "excluded_lines": []}, "AuthenticationService.change_password": {"executed_lines": [], "summary": {"covered_lines": 0, "num_statements": 21, "percent_covered": 0.0, "percent_covered_display": "0", "missing_lines": 21, "excluded_lines": 0}, "missing_lines": [506, 507, 509, 510, 513, 516, 519, 522, 523, 526, 529, 530, 533, 534, 537, 539, 541, 543, 544, 545, 546], "excluded_lines": []}, "AuthenticationService.request_password_reset": {"executed_lines": [], "summary": {"covered_lines": 0, "num_statements": 13, "percent_covered": 0.0, "percent_covered_display": "0", "missing_lines": 13, "excluded_lines": 0}, "missing_lines": [558, 559, 565, 567, 570, 573, 574, 576, 578, 580, 581, 582, 583], "excluded_lines": []}, "AuthenticationService.reset_password": {"executed_lines": [], "summary": {"covered_lines": 0, "num_statements": 25, "percent_covered": 0.0, "percent_covered_display": "0", "missing_lines": 25, "excluded_lines": 0}, "missing_lines": [596, 598, 602, 603, 605, 611, 612, 615, 619, 622, 625, 626, 629, 630, 631, 632, 635, 638, 639, 641, 643, 645, 646, 647, 648], "excluded_lines": []}, "AuthenticationService.verify_email": {"executed_lines": [], "summary": {"covered_lines": 0, "num_statements": 19, "percent_covered": 0.0, "percent_covered_display": "0", "missing_lines": 19, "excluded_lines": 0}, "missing_lines": [664, 666, 670, 671, 673, 679, 680, 682, 683, 686, 687, 688, 689, 691, 693, 695, 696, 697, 698], "excluded_lines": []}, "AuthenticationService.get_user_by_id": {"executed_lines": [], "summary": {"covered_lines": 0, "num_statements": 1, "percent_covered": 0.0, "percent_covered_display": "0", "missing_lines": 1, "excluded_lines": 0}, "missing_lines": [706], "excluded_lines": []}, "AuthenticationService.get_user_by_username": {"executed_lines": [], "summary": {"covered_lines": 0, "num_statements": 1, "percent_covered": 0.0, "percent_covered_display": "0", "missing_lines": 1, "excluded_lines": 0}, "missing_lines": [710], "excluded_lines": []}, "AuthenticationService.get_user_by_email": {"executed_lines": [], "summary": {"covered_lines": 0, "num_statements": 1, "percent_covered": 0.0, "percent_covered_display": "0", "missing_lines": 1, "excluded_lines": 0}, "missing_lines": [718], "excluded_lines": []}, "AuthenticationService.update_user_activity": {"executed_lines": [], "summary": {"covered_lines": 0, "num_statements": 8, "percent_covered": 0.0, "percent_covered_display": "0", "missing_lines": 8, "excluded_lines": 0}, "missing_lines": [722, 723, 724, 725, 726, 727, 728, 729], "excluded_lines": []}, "AuthenticationService.log_login_attempt": {"executed_lines": [], "summary": {"covered_lines": 0, "num_statements": 9, "percent_covered": 0.0, "percent_covered_display": "0", "missing_lines": 9, "excluded_lines": 0}, "missing_lines": [741, 744, 751, 752, 754, 763, 765, 766, 767], "excluded_lines": []}, "AuthenticationService.cleanup_expired_tokens": {"executed_lines": [], "summary": {"covered_lines": 0, "num_statements": 10, "percent_covered": 0.0, "percent_covered_display": "0", "missing_lines": 10, "excluded_lines": 0}, "missing_lines": [776, 777, 784, 785, 786, 788, 790, 791, 792, 793], "excluded_lines": []}, "": {"executed_lines": [], "summary": {"covered_lines": 0, "num_statements": 29, "percent_covered": 0.0, "percent_covered_display": "0", "missing_lines": 29, "excluded_lines": 0}, "missing_lines": [6, 7, 8, 10, 11, 13, 14, 15, 22, 28, 31, 36, 52, 138, 233, 279, 398, 435, 473, 492, 548, 585, 654, 704, 708, 716, 720, 731, 769], "excluded_lines": []}}, "classes": {"AuthenticationService": {"executed_lines": [], "summary": {"covered_lines": 0, "num_statements": 237, "percent_covered": 0.0, "percent_covered_display": "0", "missing_lines": 237, "excluded_lines": 0}, "missing_lines": [43, 44, 45, 46, 73, 75, 86, 87, 88, 90, 93, 96, 97, 100, 103, 119, 120, 122, 123, 124, 126, 127, 129, 130, 131, 132, 152, 154, 165, 167, 170, 173, 174, 177, 178, 181, 182, 183, 186, 188, 191, 192, 195, 196, 198, 199, 202, 203, 206, 207, 210, 211, 212, 215, 216, 218, 219, 221, 222, 224, 225, 226, 227, 247, 255, 263, 271, 272, 275, 277, 292, 294, 298, 299, 302, 308, 309, 312, 315, 326, 328, 331, 335, 338, 344, 345, 348, 349, 350, 351, 354, 357, 365, 374, 382, 385, 387, 389, 391, 393, 394, 395, 396, 408, 410, 414, 415, 418, 424, 425, 426, 428, 430, 431, 432, 433, 445, 447, 448, 449, 450, 453, 465, 466, 468, 469, 470, 471, 481, 506, 507, 509, 510, 513, 516, 519, 522, 523, 526, 529, 530, 533, 534, 537, 539, 541, 543, 544, 545, 546, 558, 559, 565, 567, 570, 573, 574, 576, 578, 580, 581, 582, 583, 596, 598, 602, 603, 605, 611, 612, 615, 619, 622, 625, 626, 629, 630, 631, 632, 635, 638, 639, 641, 643, 645, 646, 647, 648, 664, 666, 670, 671, 673, 679, 680, 682, 683, 686, 687, 688, 689, 691, 693, 695, 696, 697, 698, 706, 710, 718, 722, 723, 724, 725, 726, 727, 728, 729, 741, 744, 751, 752, 754, 763, 765, 766, 767, 776, 777, 784, 785, 786, 788, 790, 791, 792, 793], "excluded_lines": []}, "": {"executed_lines": [], "summary": {"covered_lines": 0, "num_statements": 29, "percent_covered": 0.0, "percent_covered_display": "0", "missing_lines": 29, "excluded_lines": 0}, "missing_lines": [6, 7, 8, 10, 11, 13, 14, 15, 22, 28, 31, 36, 52, 138, 233, 279, 398, 435, 473, 492, 548, 585, 654, 704, 708, 716, 720, 731, 769], "excluded_lines": []}}}, "backend/api/cors_config.py": {"executed_lines": [], "summary": {"covered_lines": 0, "num_statements": 110, "percent_covered": 0.0, "percent_covered_display": "0", "missing_lines": 110, "excluded_lines": 0}, "missing_lines": [8, 9, 10, 11, 13, 16, 18, 19, 20, 21, 24, 27, 29, 30, 31, 33, 35, 38, 49, 51, 53, 54, 57, 59, 61, 63, 66, 70, 72, 89, 92, 93, 95, 109, 112, 113, 115, 116, 118, 133, 136, 137, 139, 140, 141, 143, 158, 160, 167, 168, 171, 172, 174, 176, 178, 179, 181, 184, 187, 188, 191, 192, 193, 194, 197, 198, 201, 202, 203, 205, 206, 207, 208, 210, 212, 214, 216, 217, 218, 220, 221, 222, 223, 224, 225, 228, 229, 230, 232, 234, 237, 239, 242, 244, 245, 248, 249, 252, 253, 256, 257, 258, 260, 263, 265, 266, 269, 271, 272, 274], "excluded_lines": [], "functions": {"CORSConfig.__init__": {"executed_lines": [], "summary": {"covered_lines": 0, "num_statements": 3, "percent_covered": 0.0, "percent_covered_display": "0", "missing_lines": 3, "excluded_lines": 0}, "missing_lines": [29, 30, 31], "excluded_lines": []}, "CORSConfig._detect_environment": {"executed_lines": [], "summary": {"covered_lines": 0, "num_statements": 3, "percent_covered": 0.0, "percent_covered_display": "0", "missing_lines": 3, "excluded_lines": 0}, "missing_lines": [35, 38, 49], "excluded_lines": []}, "CORSConfig._parse_origins": {"executed_lines": [], "summary": {"covered_lines": 0, "num_statements": 5, "percent_covered": 0.0, "percent_covered_display": "0", "missing_lines": 5, "excluded_lines": 0}, "missing_lines": [53, 54, 57, 59, 61], "excluded_lines": []}, "CORSConfig._get_development_config": {"executed_lines": [], "summary": {"covered_lines": 0, "num_statements": 3, "percent_covered": 0.0, "percent_covered_display": "0", "missing_lines": 3, "excluded_lines": 0}, "missing_lines": [66, 70, 72], "excluded_lines": []}, "CORSConfig._get_testing_config": {"executed_lines": [], "summary": {"covered_lines": 0, "num_statements": 3, "percent_covered": 0.0, "percent_covered_display": "0", "missing_lines": 3, "excluded_lines": 0}, "missing_lines": [92, 93, 95], "excluded_lines": []}, "CORSConfig._get_staging_config": {"executed_lines": [], "summary": {"covered_lines": 0, "num_statements": 5, "percent_covered": 0.0, "percent_covered_display": "0", "missing_lines": 5, "excluded_lines": 0}, "missing_lines": [112, 113, 115, 116, 118], "excluded_lines": []}, "CORSConfig._get_production_config": {"executed_lines": [], "summary": {"covered_lines": 0, "num_statements": 6, "percent_covered": 0.0, "percent_covered_display": "0", "missing_lines": 6, "excluded_lines": 0}, "missing_lines": [136, 137, 139, 140, 141, 143], "excluded_lines": []}, "CORSConfig._get_cors_config": {"executed_lines": [], "summary": {"covered_lines": 0, "num_statements": 6, "percent_covered": 0.0, "percent_covered_display": "0", "missing_lines": 6, "excluded_lines": 0}, "missing_lines": [160, 167, 168, 171, 172, 174], "excluded_lines": []}, "CORSConfig._validate_production_security": {"executed_lines": [], "summary": {"covered_lines": 0, "num_statements": 19, "percent_covered": 0.0, "percent_covered_display": "0", "missing_lines": 19, "excluded_lines": 0}, "missing_lines": [178, 179, 181, 184, 187, 188, 191, 192, 193, 194, 197, 198, 201, 202, 203, 205, 206, 207, 208], "excluded_lines": []}, "CORSConfig.get_middleware_config": {"executed_lines": [], "summary": {"covered_lines": 0, "num_statements": 1, "percent_covered": 0.0, "percent_covered_display": "0", "missing_lines": 1, "excluded_lines": 0}, "missing_lines": [212], "excluded_lines": []}, "CORSConfig.log_security_info": {"executed_lines": [], "summary": {"covered_lines": 0, "num_statements": 14, "percent_covered": 0.0, "percent_covered_display": "0", "missing_lines": 14, "excluded_lines": 0}, "missing_lines": [216, 217, 218, 220, 221, 222, 223, 224, 225, 228, 229, 230, 232, 234], "excluded_lines": []}, "get_cors_config": {"executed_lines": [], "summary": {"covered_lines": 0, "num_statements": 1, "percent_covered": 0.0, "percent_covered_display": "0", "missing_lines": 1, "excluded_lines": 0}, "missing_lines": [239], "excluded_lines": []}, "validate_origin_format"
[...]
: [18, 20], "excluded_lines": []}, "RAGService.process_document": {"executed_lines": [], "summary": {"covered_lines": 0, "num_statements": 5, "percent_covered": 0.0, "percent_covered_display": "0", "missing_lines": 5, "excluded_lines": 0}, "missing_lines": [28, 30, 31, 37, 38], "excluded_lines": []}, "RAGService.query_document": {"executed_lines": [], "summary": {"covered_lines": 0, "num_statements": 5, "percent_covered": 0.0, "percent_covered_display": "0", "missing_lines": 5, "excluded_lines": 0}, "missing_lines": [46, 47, 48, 55, 56], "excluded_lines": []}, "RAGService.get_document_chunks": {"executed_lines": [], "summary": {"covered_lines": 0, "num_statements": 4, "percent_covered": 0.0, "percent_covered_display": "0", "missing_lines": 4, "excluded_lines": 0}, "missing_lines": [65, 67, 75, 76], "excluded_lines": []}, "RAGService.update_document_index": {"executed_lines": [], "summary": {"covered_lines": 0, "num_statements": 4, "percent_covered": 0.0, "percent_covered_display": "0", "missing_lines": 4, "excluded_lines": 0}, "missing_lines": [80, 82, 83, 84], "excluded_lines": []}, "RAGService.delete_document_index": {"executed_lines": [], "summary": {"covered_lines": 0, "num_statements": 4, "percent_covered": 0.0, "percent_covered_display": "0", "missing_lines": 4, "excluded_lines": 0}, "missing_lines": [88, 90, 91, 92], "excluded_lines": []}, "RAGService.build_index": {"executed_lines": [], "summary": {"covered_lines": 0, "num_statements": 5, "percent_covered": 0.0, "percent_covered_display": "0", "missing_lines": 5, "excluded_lines": 0}, "missing_lines": [96, 98, 100, 108, 109], "excluded_lines": []}, "RAGService.query": {"executed_lines": [], "summary": {"covered_lines": 0, "num_statements": 1, "percent_covered": 0.0, "percent_covered_display": "0", "missing_lines": 1, "excluded_lines": 0}, "missing_lines": [120], "excluded_lines": []}, "": {"executed_lines": [], "summary": {"covered_lines": 0, "num_statements": 14, "percent_covered": 0.0, "percent_covered_display": "0", "missing_lines": 14, "excluded_lines": 0}, "missing_lines": [6, 7, 9, 10, 11, 14, 17, 26, 44, 63, 78, 86, 94, 117], "excluded_lines": []}}, "classes": {"RAGService": {"executed_lines": [], "summary": {"covered_lines": 0, "num_statements": 30, "percent_covered": 0.0, "percent_covered_display": "0", "missing_lines": 30, "excluded_lines": 0}, "missing_lines": [18, 20, 28, 30, 31, 37, 38, 46, 47, 48, 55, 56, 65, 67, 75, 76, 80, 82, 83, 84, 88, 90, 91, 92, 96, 98, 100, 108, 109, 120], "excluded_lines": []}, "": {"executed_lines": [], "summary": {"covered_lines": 0, "num_statements": 14, "percent_covered": 0.0, "percent_covered_display": "0", "missing_lines": 14, "excluded_lines": 0}, "missing_lines": [6, 7, 9, 10, 11, 14, 17, 26, 44, 63, 78, 86, 94, 117], "excluded_lines": []}}}, "src/services/service_factory.py": {"executed_lines": [], "summary": {"covered_lines": 0, "num_statements": 109, "percent_covered": 0.0, "percent_covered_display": "0", "missing_lines": 109, "excluded_lines": 8}, "missing_lines": [7, 8, 9, 11, 12, 13, 14, 15, 17, 19, 22, 36, 47, 57, 58, 59, 60, 63, 65, 67, 69, 90, 105, 107, 108, 109, 112, 115, 118, 121, 122, 123, 125, 127, 128, 129, 131, 141, 143, 159, 164, 166, 179, 182, 183, 186, 187, 188, 191, 192, 193, 195, 197, 210, 215, 216, 219, 220, 221, 223, 225, 227, 228, 230, 232, 233, 235, 242, 254, 264, 268, 269, 270, 271, 273, 281, 282, 284, 292, 293, 295, 298, 299, 300, 303, 305, 308, 309, 312, 314, 316, 317, 318, 319, 323, 326, 337, 338, 341, 344, 361, 362, 363, 366, 377, 378, 381, 391, 392], "excluded_lines": [25, 26, 27, 28, 30, 31, 32, 33], "functions": {"ServiceFactory.create_service": {"executed_lines": [], "summary": {"covered_lines": 0, "num_statements": 0, "percent_covered": 100.0, "percent_covered_display": "100", "missing_lines": 0, "excluded_lines": 2}, "missing_lines": [], "excluded_lines": [27, 28]}, "ServiceFactory.get_service": {"executed_lines": [], "summary": {"covered_lines": 0, "num_statements": 0, "percent_covered": 100.0, "percent_covered_display": "100", "missing_lines": 0, "excluded_lines": 2}, "missing_lines": [], "excluded_lines": [32, 33]}, "DefaultServiceFactory.__init__": {"executed_lines": [], "summary": {"covered_lines": 0, "num_statements": 6, "percent_covered": 0.0, "percent_covered_display": "0", "missing_lines": 6, "excluded_lines": 0}, "missing_lines": [57, 58, 59, 60, 63, 65], "excluded_lines": []}, "DefaultServiceFactory._register_default_configurations": {"executed_lines": [], "summary": {"covered_lines": 0, "num_statements": 1, "percent_covered": 0.0, "percent_covered_display": "0", "missing_lines": 1, "excluded_lines": 0}, "missing_lines": [69], "excluded_lines": []}, "DefaultServiceFactory.create_service": {"executed_lines": [], "summary": {"covered_lines": 0, "num_statements": 14, "percent_covered": 0.0, "percent_covered_display": "0", "missing_lines": 14, "excluded_lines": 0}, "missing_lines": [105, 107, 108, 109, 112, 115, 118, 121, 122, 123, 125, 127, 128, 129], "excluded_lines": []}, "DefaultServiceFactory.get_service": {"executed_lines": [], "summary": {"covered_lines": 0, "num_statements": 1, "percent_covered": 0.0, "percent_covered_display": "0", "missing_lines": 1, "excluded_lines": 0}, "missing_lines": [141], "excluded_lines": []}, "DefaultServiceFactory.register_service_config": {"executed_lines": [], "summary": {"covered_lines": 0, "num_statements": 2, "percent_covered": 0.0, "percent_covered_display": "0", "missing_lines": 2, "excluded_lines": 0}, "missing_lines": [159, 164], "excluded_lines": []}, "DefaultServiceFactory._resolve_dependencies": {"executed_lines": [], "summary": {"covered_lines": 0, "num_statements": 10, "percent_covered": 0.0, "percent_covered_display": "0", "missing_lines": 10, "excluded_lines": 0}, "missing_lines": [179, 182, 183, 186, 187, 188, 191, 192, 193, 195], "excluded_lines": []}, "DefaultServiceFactory._resolve_dependency": {"executed_lines": [], "summary": {"covered_lines": 0, "num_statements": 7, "percent_covered": 0.0, "percent_covered_display": "0", "missing_lines": 7, "excluded_lines": 0}, "missing_lines": [210, 215, 216, 219, 220, 221, 223], "excluded_lines": []}, "DefaultServiceFactory._is_singleton": {"executed_lines": [], "summary": {"covered_lines": 0, "num_statements": 2, "percent_covered": 0.0, "percent_covered_display": "0", "missing_lines": 2, "excluded_lines": 0}, "missing_lines": [227, 228], "excluded_lines": []}, "DefaultServiceFactory.clear_singletons": {"executed_lines": [], "summary": {"covered_lines": 0, "num_statements": 2, "percent_covered": 0.0, "percent_covered_display": "0", "missing_lines": 2, "excluded_lines": 0}, "missing_lines": [232, 233], "excluded_lines": []}, "DefaultServiceFactory.get_service_info": {"executed_lines": [], "summary": {"covered_lines": 0, "num_statements": 1, "percent_covered": 0.0, "percent_covered_display": "0", "missing_lines": 1, "excluded_lines": 0}, "missing_lines": [242], "excluded_lines": []}, "TestServiceFactory.__init__": {"executed_lines": [], "summary": {"covered_lines": 0, "num_statements": 4, "percent_covered": 0.0, "percent_covered_display": "0", "missing_lines": 4, "excluded_lines": 0}, "missing_lines": [268, 269, 270, 271], "excluded_lines": []}, "TestServiceFactory.set_mock_service": {"executed_lines": [], "summary": {"covered_lines": 0, "num_statements": 2, "percent_covered": 0.0, "percent_covered_display": "0", "missing_lines": 2, "excluded_lines": 0}, "missing_lines": [281, 282], "excluded_lines": []}, "TestServiceFactory.override_dependency": {"executed_lines": [], "summary": {"covered_lines": 0, "num_statements": 2, "percent_covered": 0.0, "percent_covered_display": "0", "missing_lines": 2, "excluded_lines": 0}, "missing_lines": [292, 293], "excluded_lines": []}, "TestServiceFactory.create_service": {"executed_lines": [], "summary": {"covered_lines": 0, "num_statements": 4, "percent_covered": 0.0, "percent_covered_display": "0", "missing_lines": 4, "excluded_lines": 0}, "missing_lines": [298, 299, 300, 303], "excluded_lines": []}, "TestServiceFactory._resolve_dependency": {"executed_lines": [], "summary": {"covered_lines": 0, "num_statements": 3, "percent_covered": 0.0, "percent_covered_display": "0", "missing_lines": 3, "excluded_lines": 0}, "missing_lines": [308, 309, 312], "excluded_lines": []}, "TestServiceFactory.reset_test_state": {"executed_lines": [], "summary": {"covered_lines": 0, "num_statements": 4, "percent_covered": 0.0, "percent_covered_display": "0", "missing_lines": 4, "excluded_lines": 0}, "missing_lines": [316, 317, 318, 319], "excluded_lines": []}, "get_service_factory": {"executed_lines": [], "summary": {"covered_lines": 0, "num_statements": 3, "percent_covered": 0.0, "percent_covered_display": "0", "missing_lines": 3, "excluded_lines": 0}, "missing_lines": [337, 338, 341], "excluded_lines": []}, "initialize_service_factory": {"executed_lines": [], "summary": {"covered_lines": 0, "num_statements": 3, "percent_covered": 0.0, "percent_covered_display": "0", "missing_lines": 3, "excluded_lines": 0}, "missing_lines": [361, 362, 363], "excluded_lines": []}, "create_service": {"executed_lines": [], "summary": {"covered_lines": 0, "num_statements": 2, "percent_covered": 0.0, "percent_covered_display": "0", "missing_lines": 2, "excluded_lines": 0}, "missing_lines": [377, 378], "excluded_lines": []}, "get_service": {"executed_lines": [], "summary": {"covered_lines": 0, "num_statements": 2, "percent_covered": 0.0, "percent_covered_display": "0", "missing_lines": 2, "excluded_lines": 0}, "missing_lines": [391, 392], "excluded_lines": []}, "": {"executed_lines": [], "summary": {"covered_lines": 0, "num_statements": 34, "percent_covered": 0.0, "percent_covered_display": "0", "missing_lines": 34, "excluded_lines": 4}, "missing_lines": [7, 8, 9, 11, 12, 13, 14, 15, 17, 19, 22, 36, 47, 67, 90, 131, 143, 166, 197, 225, 230, 235, 254, 264, 273, 284, 295, 305, 314, 323, 326, 344, 366, 381], "excluded_lines": [25, 26, 30, 31]}}, "classes": {"ServiceFactory": {"executed_lines": [], "summary": {"covered_lines": 0, "num_statements": 0, "percent_covered": 100.0, "percent_covered_display": "100", "missing_lines": 0, "excluded_lines": 4}, "missing_lines": [], "excluded_lines": [27, 28, 32, 33]}, "DefaultServiceFactory": {"executed_lines": [], "summary": {"covered_lines": 0, "num_statements": 46, "percent_covered": 0.0, "percent_covered_display": "0", "missing_lines": 46, "excluded_lines": 0}, "missing_lines": [57, 58, 59, 60, 63, 65, 69, 105, 107, 108, 109, 112, 115, 118, 121, 122, 123, 125, 127, 128, 129, 141, 159, 164, 179, 182, 183, 186, 187, 188, 191, 192, 193, 195, 210, 215, 216, 219, 220, 221, 223, 227, 228, 232, 233, 242], "excluded_lines": []}, "TestServiceFactory": {"executed_lines": [], "summary": {"covered_lines": 0, "num_statements": 19, "percent_covered": 0.0, "percent_covered_display": "0", "missing_lines": 19, "excluded_lines": 0}, "missing_lines": [268, 269, 270, 271, 281, 282, 292, 293, 298, 299, 300, 303, 308, 309, 312, 316, 317, 318, 319], "excluded_lines": []}, "": {"executed_lines": [], "summary": {"covered_lines": 0, "num_statements": 44, "percent_covered": 0.0, "percent_covered_display": "0", "missing_lines": 44, "excluded_lines": 4}, "missing_lines": [7, 8, 9, 11, 12, 13, 14, 15, 17, 19, 22, 36, 47, 67, 90, 131, 143, 166, 197, 225, 230, 235, 254, 264, 273, 284, 295, 305, 314, 323, 326, 337, 338, 341, 344, 361, 362, 363, 366, 377, 378, 381, 391, 392], "excluded_lines": [25, 26, 30, 31]}}}, "src/services/vector_index_manager.py": {"executed_lines": [], "summary": {"covered_lines": 0, "num_statements": 259, "percent_covered": 0.0, "percent_covered_display": "0", "missing_lines": 259, "excluded_lines": 0}, "missing_lines": [7, 9, 10, 11, 12, 13, 14, 16, 17, 18, 20, 23, 26, 29, 32, 35, 54, 65, 66, 68, 69, 71, 72, 73, 74, 75, 76, 80, 94, 95, 97, 98, 99, 101, 102, 105, 107, 109, 118, 119, 120, 122, 129, 130, 131, 132, 133, 136, 138, 151, 152, 153, 155, 156, 159, 164, 167, 168, 172, 174, 175, 176, 177, 178, 180, 181, 185, 186, 187, 188, 189, 190, 191, 192, 193, 195, 203, 204, 214, 215, 216, 217, 218, 220, 221, 222, 224, 229, 230, 231, 237, 238, 239, 240, 242, 243, 244, 245, 246, 247, 249, 250, 252, 253, 254, 255, 256, 257, 259, 260, 261, 262, 264, 266, 269, 275, 279, 280, 281, 282, 283, 284, 285, 291, 301, 302, 303, 304, 307, 308, 309, 313, 314, 315, 317, 319, 326, 327, 328, 329, 330, 331, 332, 334, 340, 341, 342, 349, 350, 352, 353, 355, 357, 358, 359, 360, 361, 362, 364, 370, 371, 382, 383, 384, 386, 387, 388, 390, 391, 392, 393, 394, 397, 398, 399, 400, 401, 402, 405, 407, 408, 409, 410, 411, 413, 414, 415, 416, 417, 420, 422, 424, 425, 426, 427, 428, 430, 431, 432, 433, 434, 435, 436, 437, 438, 440, 442, 443, 445, 447, 448, 449, 450, 451, 452, 453, 454, 455, 457, 459, 460, 462, 463, 464, 467, 469, 470, 471, 472, 476, 477, 478, 480, 481, 482, 483, 484, 485, 487, 489, 490, 491, 492, 493, 494, 495, 496, 497, 499, 501, 502, 504, 505, 506, 507, 508, 509, 510, 511], "excluded_lines": [], "functions": {"VectorIndexManager.__init__": {"executed_lines": [], "summary": {"covered_lines": 0, "num_statements": 10, "percent_covered": 0.0, "percent_covered_display": "0", "missing_lines": 10, "excluded_lines": 0}, "missing_lines": [65, 66, 68, 69, 71, 72, 73, 74, 75, 76], "excluded_lines": []}, "VectorIndexManager.create_index_storage": {"executed_lines": [], "summary": {"covered_lines": 0, "num_statements": 20, "percent_covered": 0.0, "percent_covered_display": "0", "missing_lines": 20, "excluded_lines": 0}, "missing_lines": [94, 95, 97, 98, 99, 101, 102, 105, 107, 109, 118, 119, 120, 122, 129, 130, 131, 132, 133, 136], "excluded_lines": []}, "VectorIndexManager.move_index_to_storage": {"executed_lines": [], "summary": {"covered_lines": 0, "num_statements": 26, "percent_covered": 0.0, "percent_covered_display": "0", "missing_lines": 26, "excluded_lines": 0}, "missing_lines": [151, 152, 153, 155, 156, 159, 164, 167, 168, 172, 174, 175, 176, 177, 178, 180, 181, 185, 186, 187, 188, 189, 190, 191, 192, 193], "excluded_lines": []}, "VectorIndexManager.verify_index_integrity": {"executed_lines": [], "summary": {"covered_lines": 0, "num_statements": 47, "percent_covered": 0.0, "percent_covered_display": "0", "missing_lines": 47, "excluded_lines": 0}, "missing_lines": [203, 204, 214, 215, 216, 217, 218, 220, 221, 222, 224, 229, 230, 231, 237, 238, 239, 240, 242, 243, 244, 245, 246, 247, 249, 250, 252, 253, 254, 255, 256, 257, 259, 260, 261, 262, 264, 266, 269, 275, 279, 280, 281, 282, 283, 284, 285], "excluded_lines": []}, "VectorIndexManager.backup_index": {"executed_lines": [], "summary": {"covered_lines": 0, "num_statements": 19, "percent_covered": 0.0, "percent_covered_display": "0", "missing_lines": 19, "excluded_lines": 0}, "missing_lines": [301, 302, 303, 304, 307, 308, 309, 313, 314, 315, 317, 319, 326, 327, 328, 329, 330, 331, 332], "excluded_lines": []}, "VectorIndexManager.optimize_storage": {"executed_lines": [], "summary": {"covered_lines": 0, "num_statements": 14, "percent_covered": 0.0, "percent_covered_display": "0", "missing_lines": 14, "excluded_lines": 0}, "missing_lines": [340, 341, 342, 349, 350, 352, 353, 355, 357, 358, 359, 360, 361, 362], "excluded_lines": []}, "VectorIndexManager.get_storage_statistics": {"executed_lines": [], "summary": {"covered_lines": 0, "num_statements": 30, "percent_covered": 0.0, "percent_covered_display": "0", "missing_lines": 30, "excluded_lines": 0}, "missing_lines": [370, 371, 382, 383, 384, 386, 387, 388, 390, 391, 392, 393, 394, 397, 398, 399, 400, 401, 402, 405, 407, 408, 409, 410, 411, 413, 414, 415, 416, 417], "excluded_lines": []}, "VectorIndexManager._extract_chunk_count": {"executed_lines": [], "summary": {"covered_lines": 0, "num_statements": 15, "percent_covered": 0.0, "percent_covered_display": "0", "missing_lines": 15, "excluded_lines": 0}, "missing_lines": [422, 424, 425, 426, 427, 428, 430, 431, 432, 433, 434, 435, 436, 437, 438], "excluded_lines": []}, "VectorIndexManager._remove_orphaned_storage": {"executed_lines": [], "summary": {"covered_lines": 0, "num_statements": 12, "percent_covered": 0.0, "percent_covered_display": "0", "missing_lines": 12, "excluded_lines": 0}, "missing_lines": [442, 443, 445, 447, 448, 449, 450, 451, 452, 453, 454, 455], "excluded_lines": []}, "VectorIndexManager._remove_corrupted_indexes": {"executed_lines": [], "summary": {"covered_lines": 0, "num_statements": 19, "percent_covered": 0.0, "percent_covered_display": "0", "missing_lines": 19, "excluded_lines": 0}, "missing_lines": [459, 460, 462, 463, 464, 467, 469, 470, 471, 472, 476, 477, 478, 480, 481, 482, 483, 484, 485], "excluded_lines": []}, "VectorIndexManager._cleanup_temp_files": {"executed_lines": [], "summary": {"covered_lines": 0, "num_statements": 9, "percent_covered": 0.0, "percent_covered_display": "0", "missing_lines": 9, "excluded_lines": 0}, "missing_lines": [489, 490, 491, 492, 493, 494, 495, 496, 497], "excluded_lines": []}, "VectorIndexManager._cleanup_old_backups": {"executed_lines": [], "summary": {"covered_lines": 0, "num_statements": 10, "percent_covered": 0.0, "percent_covered_display": "0", "missing_lines": 10, "excluded_lines": 0}, "missing_lines": [501, 502, 504, 505, 506, 507, 508, 509, 510, 511], "excluded_lines": []}, "": {"executed_lines": [], "summary": {"covered_lines": 0, "num_statements": 28, "percent_covered": 0.0, "percent_covered_display": "0", "missing_lines": 28, "excluded_lines": 0}, "missing_lines": [7, 9, 10, 11, 12, 13, 14, 16, 17, 18, 20, 23, 26, 29, 32, 35, 54, 80, 138, 195, 291, 334, 364, 420, 440, 457, 487, 499], "excluded_lines": []}}, "classes": {"VectorIndexManagerError": {"executed_lines": [], "summary": {"covered_lines": 0, "num_statements": 0, "percent_covered": 100.0, "percent_covered_display": "100", "missing_lines": 0, "excluded_lines": 0}, "missing_lines": [], "excluded_lines": []}, "IndexCorruptionError": {"executed_lines": [], "summary": {"covered_lines": 0, "num_statements": 0, "percent_covered": 100.0, "percent_covered_display": "100", "missing_lines": 0, "excluded_lines": 0}, "missing_lines": [], "excluded_lines": []}, "VectorIndexManager": {"executed_lines": [], "summary": {"covered_lines": 0, "num_statements": 231, "percent_covered": 0.0, "percent_covered_display": "0", "missing_lines": 231, "excluded_lines": 0}, "missing_lines": [65, 66, 68, 69, 71, 72, 73, 74, 75, 76, 94, 95, 97, 98, 99, 101, 102, 105, 107, 109, 118, 119, 120, 122, 129, 130, 131, 132, 133, 136, 151, 152, 153, 155, 156, 159, 164, 167, 168, 172, 174, 175, 176, 177, 178, 180, 181, 185, 186, 187, 188, 189, 190, 191, 192, 193, 203, 204, 214, 215, 216, 217, 218, 220, 221, 222, 224, 229, 230, 231, 237, 238, 239, 240, 242, 243, 244, 245, 246, 247, 249, 250, 252, 253, 254, 255, 256, 257, 259, 260, 261, 262, 264, 266, 269, 275, 279, 280, 281, 282, 283, 284, 285, 301, 302, 303, 304, 307, 308, 309, 313, 314, 315, 317, 319, 326, 327, 328, 329, 330, 331, 332, 340, 341, 342, 349, 350, 352, 353, 355, 357, 358, 359, 360, 361, 362, 370, 371, 382, 383, 384, 386, 387, 388, 390, 391, 392, 393, 394, 397, 398, 399, 400, 401, 402, 405, 407, 408, 409, 410, 411, 413, 414, 415, 416, 417, 422, 424, 425, 426, 427, 428, 430, 431, 432, 433, 434, 435, 436, 437, 438, 442, 443, 445, 447, 448, 449, 450, 451, 452, 453, 454, 455, 459, 460, 462, 463, 464, 467, 469, 470, 471, 472, 476, 477, 478, 480, 481, 482, 483, 484, 485, 489, 490, 491, 492, 493, 494, 495, 496, 497, 501, 502, 504, 505, 506, 507, 508, 509, 510, 511], "excluded_lines": []}, "": {"executed_lines": [], "summary": {"covered_lines": 0, "num_statements": 28, "percent_covered": 0.0, "percent_covered_display": "0", "missing_lines": 28, "excluded_lines": 0}, "missing_lines": [7, 9, 10, 11, 12, 13, 14, 16, 17, 18, 20, 23, 26, 29, 32, 35, 54, 80, 138, 195, 291, 334, 364, 420, 440, 457, 487, 499], "excluded_lines": []}}}}, "totals": {"covered_lines": 0, "num_statements": 16815, "percent_covered": 0.0, "percent_covered_display": "0", "missing_lines": 16815, "excluded_lines": 709}}