<?xml version="1.0" encoding="utf-8"?><testsuites name="pytest tests"><testsuite name="pytest" errors="5" failures="0" skipped="0" tests="5" time="4.761" timestamp="2025-08-09T14:57:29.368543+10:00" hostname="Jackela"><testcase classname="" name="tests.services.rag.test_coordinator" time="0.000"><error message="collection failure">ImportError while importing test module 'E:\Code\ai_enhanced_pdf_scholar\tests\services\rag\test_coordinator.py'.
Hint: make sure your test modules/packages have valid Python names.
Traceback:
C:\ProgramData\miniconda3\Lib\importlib\__init__.py:88: in import_module
    return _bootstrap._gcd_import(name[level:], package, level)
           ^^^^^^^^^^^^^^^^^^^^^^^^^^^^^^^^^^^^^^^^^^^^^^^^^^^^
tests\services\rag\__init__.py:22: in &lt;module&gt;
    from .test_coordinator import TestRAGCoordinator, TestRAGCoordinatorEdgeCases
tests\services\rag\test_coordinator.py:15: in &lt;module&gt;
    from src.services.rag.interfaces import (
E   ModuleNotFoundError: No module named 'src.services.rag.interfaces'</error></testcase><testcase classname="" name="tests.services.rag.test_file_manager" time="0.000"><error message="collection failure">ImportError while importing test module 'E:\Code\ai_enhanced_pdf_scholar\tests\services\rag\test_file_manager.py'.
Hint: make sure your test modules/packages have valid Python names.
Traceback:
C:\ProgramData\miniconda3\Lib\importlib\__init__.py:88: in import_module
    return _bootstrap._gcd_import(name[level:], package, level)
           ^^^^^^^^^^^^^^^^^^^^^^^^^^^^^^^^^^^^^^^^^^^^^^^^^^^^
tests\services\rag\__init__.py:22: in &lt;module&gt;
    from .test_coordinator import TestRAGCoordinator, TestRAGCoordinatorEdgeCases
tests\services\rag\test_coordinator.py:15: in &lt;module&gt;
    from src.services.rag.interfaces import (
E   ModuleNotFoundError: No module named 'src.services.rag.interfaces'</error></testcase><testcase classname="" name="tests.services.rag.test_index_builder" time="0.000"><error message="collection failure">ImportError while importing test module 'E:\Code\ai_enhanced_pdf_scholar\tests\services\rag\test_index_builder.py'.
Hint: make sure your test modules/packages have valid Python names.
Traceback:
C:\ProgramData\miniconda3\Lib\importlib\__init__.py:88: in import_module
    return _bootstrap._gcd_import(name[level:], package, level)
           ^^^^^^^^^^^^^^^^^^^^^^^^^^^^^^^^^^^^^^^^^^^^^^^^^^^^
tests\services\rag\__init__.py:22: in &lt;module&gt;
    from .test_coordinator import TestRAGCoordinator, TestRAGCoordinatorEdgeCases
tests\services\rag\test_coordinator.py:15: in &lt;module&gt;
    from src.services.rag.interfaces import (
E   ModuleNotFoundError: No module named 'src.services.rag.interfaces'</error></testcase><testcase classname="" name="tests.services.rag.test_large_document_processing" time="0.000"><error message="collection failure">ImportError while importing test module 'E:\Code\ai_enhanced_pdf_scholar\tests\services\rag\test_large_document_processing.py'.
Hint: make sure your test modules/packages have valid Python names.
Traceback:
C:\ProgramData\miniconda3\Lib\importlib\__init__.py:88: in import_module
    return _bootstrap._gcd_import(name[level:], package, level)
           ^^^^^^^^^^^^^^^^^^^^^^^^^^^^^^^^^^^^^^^^^^^^^^^^^^^^
tests\services\rag\__init__.py:22: in &lt;module&gt;
    from .test_coordinator import TestRAGCoordinator, TestRAGCoordinatorEdgeCases
tests\services\rag\test_coordinator.py:15: in &lt;module&gt;
    from src.services.rag.interfaces import (
E   ModuleNotFoundError: No module named 'src.services.rag.interfaces'</error></testcase><testcase classname="" name="tests.services.rag.test_query_engine" time="0.000"><error message="collection failure">ImportError while importing test module 'E:\Code\ai_enhanced_pdf_scholar\tests\services\rag\test_query_engine.py'.
Hint: make sure your test modules/packages have valid Python names.
Traceback:
C:\ProgramData\miniconda3\Lib\importlib\__init__.py:88: in import_module
    return _bootstrap._gcd_import(name[level:], package, level)
           ^^^^^^^^^^^^^^^^^^^^^^^^^^^^^^^^^^^^^^^^^^^^^^^^^^^^
tests\services\rag\__init__.py:22: in &lt;module&gt;
    from .test_coordinator import TestRAGCoordinator, TestRAGCoordinatorEdgeCases
tests\services\rag\test_coordinator.py:15: in &lt;module&gt;
    from src.services.rag.interfaces import (
E   ModuleNotFoundError: No module named 'src.services.rag.interfaces'</error></testcase></testsuite></testsuites>