<?xml version="1.0" encoding="utf-8"?><testsuites name="pytest tests"><testsuite name="pytest" errors="0" failures="7" skipped="0" tests="93" time="49.806" timestamp="2025-08-09T14:56:23.672782+10:00" hostname="Jackela"><testcase classname="tests.unit_tests.test_content_hash_service.TestContentHashService" name="test_initialization" time="0.008" /><testcase classname="tests.unit_tests.test_database_models.TestDocumentModel" name="test_document_model_creation_with_required_fields" time="0.010" /><testcase classname="tests.unit.test_service_layer.TestContentHashService" name="test_content_hash_service_creation" time="0.009" /><testcase classname="tests.unit.test_smoke" name="test_imports" time="0.008" /><testcase classname="tests.unit.test_repository_layer.TestDocumentRepository" name="test_document_repository_creation" time="0.038" /><testcase classname="tests.unit.test_database_layer.TestDatabaseConnection" name="test_database_connection_creation" time="0.038" /><testcase classname="tests.unit.test_service_layer.TestContentHashService" name="test_calculate_content_hash" time="0.012" /><testcase classname="tests.unit_tests.test_database_models.TestDocumentModel" name="test_document_model_creation_with_all_fields" time="0.003"><failure message="AttributeError: 'DocumentModel' object has no attribute 'file_hash_hash'">tests\unit_tests\test_database_models.py:51: in test_document_model_creation_with_all_fields
    assert doc.file_hash_hash == "def456"
           ^^^^^^^^^^^^^^^^^^
E   AttributeError: 'DocumentModel' object has no attribute 'file_hash_hash'</failure></testcase><testcase classname="tests.unit.test_smoke" name="test_document_model_creation" time="0.004" /><testcase classname="tests.unit.test_smoke" name="test_vector_index_model_creation" time="0.003" /><testcase classname="tests.unit.test_smoke" name="test_model_validation" time="0.004" /><testcase classname="tests.unit_tests.test_content_hash_service.TestContentHashService" name="test_calculate_content_hash_consistent" time="0.004" /><testcase classname="tests.unit_tests.test_content_hash_service.TestContentHashService" name="test_calculate_content_hash_different_content" time="0.003" /><testcase classname="tests.unit.test_core_functionality.TestCoreModels" name="test_document_model_creation" time="0.009" /><testcase classname="tests.unit.test_service_layer.TestContentHashService" name="test_calculate_file_hash" time="0.023" /><testcase classname="tests.unit.test_core_functionality.TestCoreModels" name="test_document_model_validation" time="0.003" /><testcase classname="tests.unit.test_smoke" name="test_model_defaults" time="0.003" /><testcase classname="tests.unit_tests.test_content_hash_service.TestContentHashService" name="test_calculate_content_hash_empty_string" time="0.003" /><testcase classname="tests.unit.test_core_functionality.TestCoreModels" name="test_vector_index_model_creation" time="0.003" /><testcase classname="tests.unit_tests.test_content_hash_service.TestContentHashService" name="test_calculate_content_hash_unicode_content" time="0.003" /><testcase classname="tests.unit.test_core_functionality.TestCoreModels" name="test_vector_index_model_validation" time="0.004" /><testcase classname="tests.unit.test_database_layer.TestDatabaseConnection" name="test_database_connection_execute" time="0.034" /><testcase classname="tests.unit.test_repository_layer.TestDocumentRepository" name="test_document_repository_basic_crud" time="0.036" /><testcase classname="tests.unit_tests.test_content_hash_service.TestContentHashService" name="test_calculate_file_hash_success" time="0.018" /><testcase classname="tests.unit_tests.test_database_models.TestDocumentModel" name="test_document_model_default_values" time="0.004"><failure message="AssertionError: assert (500 is None or 500 == 0)&#10; +  where 500 = DocumentModel(title='Test Document', file_path='/path/to/document.pdf', file_hash='test123', file_size=500, content_hash=None, page_count=None, created_at=datetime.datetime(2025, 8, 9, 14, 56, 28, 426037), updated_at=datetime.datetime(2025, 8, 9, 14, 56, 28, 426037), last_accessed=None, id=None, metadata={}, tags='').file_size&#10; +  and   500 = DocumentModel(title='Test Document', file_path='/path/to/document.pdf', file_hash='test123', file_size=500, content_hash=None, page_count=None, created_at=datetime.datetime(2025, 8, 9, 14, 56, 28, 426037), updated_at=datetime.datetime(2025, 8, 9, 14, 56, 28, 426037), last_accessed=None, id=None, metadata={}, tags='').file_size">tests\unit_tests\test_database_models.py:64: in test_document_model_default_values
    assert doc.file_size is None or doc.file_size == 0
E   AssertionError: assert (500 is None or 500 == 0)
E    +  where 500 = DocumentModel(title='Test Document', file_path='/path/to/document.pdf', file_hash='test123', file_size=500, content_hash=None, page_count=None, created_at=datetime.datetime(2025, 8, 9, 14, 56, 28, 426037), updated_at=datetime.datetime(2025, 8, 9, 14, 56, 28, 426037), last_accessed=None, id=None, metadata={}, tags='').file_size
E    +  and   500 = DocumentModel(title='Test Document', file_path='/path/to/document.pdf', file_hash='test123', file_size=500, content_hash=None, page_count=None, created_at=datetime.datetime(2025, 8, 9, 14, 56, 28, 426037), updated_at=datetime.datetime(2025, 8, 9, 14, 56, 28, 426037), last_accessed=None, id=None, metadata={}, tags='').file_size</failure></testcase><testcase classname="tests.unit.test_core_functionality.TestDatabaseConnection" name="test_database_connection_creation" time="0.024" /><testcase classname="tests.unit.test_service_layer.TestContentHashService" name="test_calculate_file_hash_nonexistent_file" time="0.004" /><testcase classname="tests.unit.test_service_layer.TestContentHashService" name="test_hash_service_with_empty_content" time="0.009" /><testcase classname="tests.unit_tests.test_content_hash_service.TestContentHashService" name="test_calculate_file_hash_consistent" time="0.009" /><testcase classname="tests.unit.test_service_layer.TestContentHashService" name="test_hash_service_with_large_content" time="44.111" /><testcase classname="tests.unit_tests.test_database_models.TestDocumentModel" name="test_document_model_string_representation" time="0.003" /><testcase classname="tests.unit.test_core_functionality.TestDatabaseConnection" name="test_database_connection_basic_operations" time="0.032" /><testcase classname="tests.unit.test_database_layer.TestDatabaseConnection" name="test_database_connection_fetch_all" time="0.031" /><testcase classname="tests.unit_tests.test_content_hash_service.TestContentHashService" name="test_calculate_file_hash_nonexistent_file" time="0.004" /><testcase classname="tests.unit_tests.test_database_models.TestDocumentModel" name="test_document_model_with_unicode_content" time="0.002"><failure message="TypeError: DocumentModel.__init__() got an unexpected keyword argument 'content'">tests\unit_tests\test_database_models.py:80: in test_document_model_with_unicode_content
    doc = DocumentModel(
E   TypeError: DocumentModel.__init__() got an unexpected keyword argument 'content'</failure></testcase><testcase classname="tests.unit.test_repository_layer.TestDocumentRepository" name="test_document_repository_find_by_hash" time="0.021" /><testcase classname="tests.unit_tests.test_content_hash_service.TestContentHashService" name="test_calculate_file_hash_pathlib_path" time="0.007" /><testcase classname="tests.unit_tests.test_content_hash_service.TestContentHashService" name="test_hash_format_validation" time="0.003" /><testcase classname="tests.unit_tests.test_content_hash_service.TestContentHashService" name="test_calculate_file_hash_permission_error" time="0.006" /><testcase classname="tests.unit.test_repository_layer.TestDocumentRepository" name="test_document_repository_search_interface" time="0.019" /><testcase classname="tests.unit_tests.test_database_models.TestDocumentModel" name="test_document_model_field_validation" time="0.003" /><testcase classname="tests.unit.test_core_functionality.TestContentHashService" name="test_content_hash_service_creation" time="0.003" /><testcase classname="tests.unit.test_database_layer.TestDatabaseConnection" name="test_database_connection_transaction" time="0.027" /><testcase classname="tests.unit_tests.test_content_hash_service.TestContentHashService" name="test_large_content_hash_performance" time="0.032" /><testcase classname="tests.unit_tests.test_database_models.TestDocumentModel" name="test_document_model_serialization" time="0.004"><failure message="TypeError: DocumentModel.__init__() got an unexpected keyword argument 'document_id'">tests\unit_tests\test_database_models.py:106: in test_document_model_serialization
    doc = DocumentModel(
E   TypeError: DocumentModel.__init__() got an unexpected keyword argument 'document_id'</failure></testcase><testcase classname="tests.unit.test_core_functionality.TestContentHashService" name="test_file_hash_calculation" time="0.017" /><testcase classname="tests.unit.test_repository_layer.TestVectorIndexRepository" name="test_vector_repository_creation" time="0.017" /><testcase classname="tests.unit.test_core_functionality.TestContentHashService" name="test_content_hash_calculation" time="0.055" /><testcase classname="tests.unit_tests.test_database_models.TestCitationModel" name="test_citation_model_creation_with_required_fields" time="0.003" /><testcase classname="tests.unit.test_database_layer.TestDatabaseConnection" name="test_database_connection_transaction_rollback" time="0.032" /><testcase classname="tests.unit_tests.test_database_models.TestCitationModel" name="test_citation_model_creation_with_all_fields" time="0.004"><failure message="TypeError: CitationModel.__init__() got an unexpected keyword argument 'citation_id'. Did you mean 'citation_type'?">tests\unit_tests\test_database_models.py:142: in test_citation_model_creation_with_all_fields
    citation = CitationModel(
E   TypeError: CitationModel.__init__() got an unexpected keyword argument 'citation_id'. Did you mean 'citation_type'?</failure></testcase><testcase classname="tests.unit.test_repository_layer.TestVectorIndexRepository" name="test_vector_repository_basic_crud" time="0.028" /><testcase classname="tests.unit_tests.test_content_hash_service.TestContentHashService" name="test_content_vs_file_hash_consistency" time="0.012" /><testcase classname="tests.unit_tests.test_content_hash_service.TestContentHashServiceEdgeCases" name="test_binary_content_handling" time="0.003" /><testcase classname="tests.unit_tests.test_content_hash_service.TestContentHashServiceEdgeCases" name="test_very_long_file_path" time="0.007" /><testcase classname="tests.unit.test_database_layer.TestDatabaseConnection" name="test_database_connection_close" time="0.033" /><testcase classname="tests.unit.test_repository_layer.TestVectorIndexRepository" name="test_vector_repository_find_by_document_id" time="0.025" /><testcase classname="tests.unit_tests.test_content_hash_service.TestContentHashServiceEdgeCases" name="test_special_characters_in_content" time="0.005" /><testcase classname="tests.unit.test_core_functionality.TestImportStructure" name="test_database_imports" time="0.002" /><testcase classname="tests.unit.test_core_functionality.TestImportStructure" name="test_repository_imports" time="0.003" /><testcase classname="tests.unit_tests.test_content_hash_service.TestContentHashServiceEdgeCases" name="test_newline_variations_in_content" time="0.006"><failure message="AssertionError: assert '22f75635c73c7f4fb766b0b4452228c58724e28e1b9e2562b210220ba5ecc591' != '22f75635c73c7f4fb766b0b4452228c58724e28e1b9e2562b210220ba5ecc591'">tests\unit_tests\test_content_hash_service.py:203: in test_newline_variations_in_content
    assert hash_unix != hash_windows
E   AssertionError: assert '22f75635c73c7f4fb766b0b4452228c58724e28e1b9e2562b210220ba5ecc591' != '22f75635c73c7f4fb766b0b4452228c58724e28e1b9e2562b210220ba5ecc591'</failure></testcase><testcase classname="tests.unit.test_core_functionality.TestImportStructure" name="test_service_imports" time="0.008" /><testcase classname="tests.unit.test_repository_layer.TestVectorIndexRepository" name="test_vector_repository_cleanup_interface" time="0.021" /><testcase classname="tests.unit.test_database_layer.TestDatabaseConnection" name="test_database_connection_error_handling" time="0.019" /><testcase classname="tests.unit.test_core_functionality.TestImportStructure" name="test_api_imports" time="0.004" /><testcase classname="tests.unit.test_core_functionality.TestPerformanceBasics" name="test_model_creation_performance" time="0.004" /><testcase classname="tests.unit.test_repository_layer.TestRepositoryIntegration" name="test_repository_dependency_injection" time="0.017" /><testcase classname="tests.unit.test_core_functionality.TestPerformanceBasics" name="test_hash_calculation_performance" time="0.029" /><testcase classname="tests.unit_tests.test_content_hash_service.TestContentHashServiceEdgeCases" name="test_whitespace_sensitivity" time="0.006"><failure message="AssertionError: assert '8f56b437be833e281bc21b8d0bb0c843cd1a9e8596efe3e80e36f884314ed1eb' != '8f56b437be833e281bc21b8d0bb0c843cd1a9e8596efe3e80e36f884314ed1eb'">tests\unit_tests\test_content_hash_service.py:216: in test_whitespace_sensitivity
    assert hash1 != hash2
E   AssertionError: assert '8f56b437be833e281bc21b8d0bb0c843cd1a9e8596efe3e80e36f884314ed1eb' != '8f56b437be833e281bc21b8d0bb0c843cd1a9e8596efe3e80e36f884314ed1eb'</failure></testcase><testcase classname="tests.unit.test_database_layer.TestDatabaseModels" name="test_document_model_creation" time="0.004" /><testcase classname="tests.unit.test_database_layer.TestDatabaseModels" name="test_document_model_validation" time="0.004" /><testcase classname="tests.unit.test_repository_layer.TestRepositoryIntegration" name="test_repository_transaction_support" time="0.019" /><testcase classname="tests.unit.test_database_layer.TestDatabaseModels" name="test_document_model_with_metadata" time="0.004" /><testcase classname="tests.unit.test_database_layer.TestDatabaseModels" name="test_vector_index_model_creation" time="0.003" /><testcase classname="tests.unit.test_database_layer.TestDatabaseModels" name="test_vector_index_model_validation" time="0.003" /><testcase classname="tests.unit.test_repository_layer.TestRepositoryIntegration" name="test_repository_error_handling" time="0.017" /><testcase classname="tests.unit_tests.test_content_hash_service.TestContentHashServiceIntegration" name="test_duplicate_detection_scenario" time="0.005" /><testcase classname="tests.unit.test_database_layer.TestDatabaseModels" name="test_model_timestamp_behavior" time="0.003" /><testcase classname="tests.unit.test_database_layer.TestDatabaseModels" name="test_model_equality" time="0.002" /><testcase classname="tests.unit_tests.test_content_hash_service.TestContentHashServiceIntegration" name="test_multiple_files_hashing" time="0.049" /><testcase classname="tests.unit.test_database_layer.TestDatabaseModels" name="test_model_string_representation" time="0.003" /><testcase classname="tests.unit.test_repository_layer.TestRepositoryPerformance" name="test_repository_creation_performance" time="0.017" /><testcase classname="tests.unit.test_repository_layer.TestRepositoryPerformance" name="test_repository_mock_performance" time="0.021" /><testcase classname="tests.unit.test_service_layer.TestContentHashService" name="test_hash_service_with_unicode_content" time="0.018" /><testcase classname="tests.unit.test_service_layer.TestContentHashService" name="test_hash_service_performance" time="0.015" /><testcase classname="tests.unit.test_service_layer.TestContentHashService" name="test_hash_service_batch_processing" time="0.005" /><testcase classname="tests.unit.test_service_layer.TestServiceLayerIntegration" name="test_service_dependency_injection" time="0.002" /><testcase classname="tests.unit.test_service_layer.TestServiceLayerIntegration" name="test_service_error_handling" time="0.002" /><testcase classname="tests.unit.test_service_layer.TestServiceLayerIntegration" name="test_service_thread_safety" time="0.008" /><testcase classname="tests.unit.test_service_layer.TestServiceLayerIntegration" name="test_service_configuration" time="0.004" /><testcase classname="tests.unit.test_service_layer.TestServiceLayerIntegration" name="test_service_logging_integration" time="0.047" /><testcase classname="tests.unit.test_service_layer.TestServiceLayerIntegration" name="test_service_metrics_collection" time="0.004" /><testcase classname="tests.unit.test_service_layer.TestServiceLayerIntegration" name="test_service_caching_compatibility" time="0.003" /></testsuite></testsuites>